  [1m[35m (0.9ms)[0m  [1m[34mSELECT sqlite_version(*)[0m
  [1m[35m (7.2ms)[0m  [1m[35mCREATE TABLE "schema_migrations" ("version" varchar NOT NULL PRIMARY KEY)[0m
  [1m[35m (4.8ms)[0m  [1m[35mCREATE TABLE "ar_internal_metadata" ("key" varchar NOT NULL PRIMARY KEY, "value" varchar, "created_at" datetime(6) NOT NULL, "updated_at" datetime(6) NOT NULL)[0m
  [1m[35m (0.1ms)[0m  [1m[34mSELECT "schema_migrations"."version" FROM "schema_migrations" ORDER BY "schema_migrations"."version" ASC[0m
Migrating to CreatePeople (20200519105330)
  [1m[35m (0.0ms)[0m  [1m[36mbegin transaction[0m
  [1m[35m (0.2ms)[0m  [1m[35mCREATE TABLE "people" ("id" integer PRIMARY KEY AUTOINCREMENT NOT NULL, "name" varchar, "created_at" datetime(6) NOT NULL, "updated_at" datetime(6) NOT NULL)[0m
  [1m[36mprimary::SchemaMigration Create (0.2ms)[0m  [1m[32mINSERT INTO "schema_migrations" ("version") VALUES (?)[0m  [["version", "20200519105330"]]
  [1m[35m (5.1ms)[0m  [1m[36mcommit transaction[0m
Migrating to CreatePhones (20200519105343)
  [1m[35m (0.1ms)[0m  [1m[36mbegin transaction[0m
  [1m[35m (0.2ms)[0m  [1m[35mCREATE TABLE "phones" ("id" integer PRIMARY KEY AUTOINCREMENT NOT NULL, "number" varchar, "person_id" integer, "created_at" datetime(6) NOT NULL, "updated_at" datetime(6) NOT NULL)[0m
  [1m[35m (0.1ms)[0m  [1m[35mCREATE  INDEX "index_phones_on_person_id" ON "phones" ("person_id")[0m
  [1m[36mprimary::SchemaMigration Create (0.1ms)[0m  [1m[32mINSERT INTO "schema_migrations" ("version") VALUES (?)[0m  [["version", "20200519105343"]]
  [1m[35m (5.3ms)[0m  [1m[36mcommit transaction[0m
  [1m[36mActiveRecord::InternalMetadata Load (0.3ms)[0m  [1m[34mSELECT "ar_internal_metadata".* FROM "ar_internal_metadata" WHERE "ar_internal_metadata"."key" = ? LIMIT ?[0m  [["key", "environment"], ["LIMIT", 1]]
  [1m[35m (0.0ms)[0m  [1m[36mbegin transaction[0m
  [1m[36mActiveRecord::InternalMetadata Create (0.2ms)[0m  [1m[32mINSERT INTO "ar_internal_metadata" ("key", "value", "created_at", "updated_at") VALUES (?, ?, ?, ?)[0m  [["key", "environment"], ["value", "development"], ["created_at", "2020-05-19 10:55:18.601322"], ["updated_at", "2020-05-19 10:55:18.601322"]]
  [1m[35m (4.0ms)[0m  [1m[36mcommit transaction[0m
  [1m[35m (0.1ms)[0m  [1m[34mSELECT sqlite_version(*)[0m
  [1m[35m (0.1ms)[0m  [1m[34mSELECT "schema_migrations"."version" FROM "schema_migrations" ORDER BY "schema_migrations"."version" ASC[0m
  [1m[35m (0.2ms)[0m  [1m[34mSELECT sqlite_version(*)[0m
  [1m[35m (0.1ms)[0m  [1m[34mSELECT "schema_migrations"."version" FROM "schema_migrations" ORDER BY "schema_migrations"."version" ASC[0m
  [1m[35m (0.1ms)[0m  [1m[34mSELECT sqlite_version(*)[0m
  [1m[35m (0.1ms)[0m  [1m[36mbegin transaction[0m
  [1m[36mPerson Create (0.4ms)[0m  [1m[32mINSERT INTO "people" ("name", "created_at", "updated_at") VALUES (?, ?, ?)[0m  [["name", "Kubilay"], ["created_at", "2020-05-19 10:55:25.384350"], ["updated_at", "2020-05-19 10:55:25.384350"]]
  [1m[35m (6.3ms)[0m  [1m[36mcommit transaction[0m
  [1m[35m (0.0ms)[0m  [1m[36mbegin transaction[0m
  [1m[36mPerson Create (0.1ms)[0m  [1m[32mINSERT INTO "people" ("name", "created_at", "updated_at") VALUES (?, ?, ?)[0m  [["name", "Marios"], ["created_at", "2020-05-19 10:55:25.395425"], ["updated_at", "2020-05-19 10:55:25.395425"]]
  [1m[35m (6.7ms)[0m  [1m[36mcommit transaction[0m
  [1m[35m (0.1ms)[0m  [1m[36mbegin transaction[0m
  [1m[36mPerson Load (0.1ms)[0m  [1m[34mSELECT "people".* FROM "people" WHERE "people"."id" = ? LIMIT ?[0m  [["id", 1], ["LIMIT", 1]]
  [1m[36mPhone Create (0.3ms)[0m  [1m[32mINSERT INTO "phones" ("number", "person_id", "created_at", "updated_at") VALUES (?, ?, ?, ?)[0m  [["number", "05555"], ["person_id", 1], ["created_at", "2020-05-19 10:55:25.449858"], ["updated_at", "2020-05-19 10:55:25.449858"]]
  [1m[35m (6.1ms)[0m  [1m[36mcommit transaction[0m
  [1m[35m (0.0ms)[0m  [1m[36mbegin transaction[0m
  [1m[36mPerson Load (0.1ms)[0m  [1m[34mSELECT "people".* FROM "people" WHERE "people"."id" = ? LIMIT ?[0m  [["id", 2], ["LIMIT", 1]]
  [1m[36mPhone Create (0.2ms)[0m  [1m[32mINSERT INTO "phones" ("number", "person_id", "created_at", "updated_at") VALUES (?, ?, ?, ?)[0m  [["number", "06666"], ["person_id", 2], ["created_at", "2020-05-19 10:55:25.461276"], ["updated_at", "2020-05-19 10:55:25.461276"]]
  [1m[35m (4.1ms)[0m  [1m[36mcommit transaction[0m
  [1m[35m (0.4ms)[0m  [1m[34mSELECT sqlite_version(*)[0m
  [1m[36mPerson Load (0.2ms)[0m  [1m[34mSELECT "people".* FROM "people" LIMIT ?[0m  [["LIMIT", 11]]
  [1m[36mPerson Load (0.1ms)[0m  [1m[34mSELECT "people".* FROM "people" ORDER BY "people"."id" ASC LIMIT ?[0m  [["LIMIT", 1]]
  [1m[36mPerson Load (0.3ms)[0m  [1m[34mSELECT "people".* FROM "people" ORDER BY "people"."id" ASC LIMIT ?[0m  [["LIMIT", 1]]
  [1m[36mPhone Load (0.6ms)[0m  [1m[34mSELECT "phones".* FROM "phones" WHERE "phones"."person_id" = ? LIMIT ?[0m  [["person_id", 1], ["LIMIT", 11]]
  [1m[36mPhone Load (0.2ms)[0m  [1m[34mSELECT "phones".* FROM "phones" ORDER BY "phones"."id" ASC LIMIT ?[0m  [["LIMIT", 1]]
  [1m[36mPhone Load (0.1ms)[0m  [1m[34mSELECT "phones".* FROM "phones" ORDER BY "phones"."id" ASC LIMIT ?[0m  [["LIMIT", 1]]
  [1m[36mPerson Load (0.1ms)[0m  [1m[34mSELECT "people".* FROM "people" WHERE "people"."id" = ? LIMIT ?[0m  [["id", 1], ["LIMIT", 1]]
  [1m[36mPerson Load (0.1ms)[0m  [1m[34mSELECT "people".* FROM "people" ORDER BY "people"."id" ASC LIMIT ?[0m  [["LIMIT", 1]]
  [1m[35m (0.0ms)[0m  [1m[36mbegin transaction[0m
  [1m[36mPhone Create (0.2ms)[0m  [1m[32mINSERT INTO "phones" ("number", "person_id", "created_at", "updated_at") VALUES (?, ?, ?, ?)[0m  [["number", "0333"], ["person_id", 1], ["created_at", "2020-05-19 10:56:37.320963"], ["updated_at", "2020-05-19 10:56:37.320963"]]
  [1m[35m (4.1ms)[0m  [1m[36mcommit transaction[0m
  [1m[35m (0.2ms)[0m  [1m[34mSELECT sqlite_version(*)[0m
  [1m[35m (0.1ms)[0m  [1m[34mSELECT "schema_migrations"."version" FROM "schema_migrations" ORDER BY "schema_migrations"."version" ASC[0m
Migrating to CreatePeople (20200519115859)
  [1m[35m (0.1ms)[0m  [1m[36mbegin transaction[0m
  [1m[35m (0.3ms)[0m  [1m[35mCREATE TABLE "people" ("id" integer PRIMARY KEY AUTOINCREMENT NOT NULL, "name" varchar, "created_at" datetime(6) NOT NULL, "updated_at" datetime(6) NOT NULL)[0m
  [1m[35m (0.0ms)[0m  [1m[31mrollback transaction[0m
  [1m[35m (0.2ms)[0m  [1m[34mSELECT sqlite_version(*)[0m
  [1m[35m (0.1ms)[0m  [1m[34mSELECT "schema_migrations"."version" FROM "schema_migrations" ORDER BY "schema_migrations"."version" ASC[0m
Migrating to CreatePeople (20200519115859)
  [1m[35m (0.1ms)[0m  [1m[36mbegin transaction[0m
  [1m[35m (0.6ms)[0m  [1m[35mCREATE TABLE "people" ("id" integer PRIMARY KEY AUTOINCREMENT NOT NULL, "name" varchar, "created_at" datetime(6) NOT NULL, "updated_at" datetime(6) NOT NULL)[0m
  [1m[35m (0.1ms)[0m  [1m[31mrollback transaction[0m
  [1m[35m (0.2ms)[0m  [1m[34mSELECT sqlite_version(*)[0m
  [1m[35m (0.4ms)[0m  [1m[34mSELECT "schema_migrations"."version" FROM "schema_migrations" ORDER BY "schema_migrations"."version" ASC[0m
  [1m[35m (0.1ms)[0m  [1m[34mSELECT "ar_internal_metadata"."value" FROM "ar_internal_metadata" WHERE "ar_internal_metadata"."key" = ?[0m  [["key", "environment"]]
  [1m[35m (0.0ms)[0m  [1m[34mSELECT "schema_migrations"."version" FROM "schema_migrations" ORDER BY "schema_migrations"."version" ASC[0m
  [1m[35m (0.0ms)[0m  [1m[34mSELECT "ar_internal_metadata"."value" FROM "ar_internal_metadata" WHERE "ar_internal_metadata"."key" = ?[0m  [["key", "environment"]]
  [1m[35m (0.0ms)[0m  [1m[34mSELECT "schema_migrations"."version" FROM "schema_migrations" ORDER BY "schema_migrations"."version" ASC[0m
  [1m[35m (0.0ms)[0m  [1m[34mSELECT "ar_internal_metadata"."value" FROM "ar_internal_metadata" WHERE "ar_internal_metadata"."key" = ?[0m  [["key", "environment"]]
  [1m[35m (0.5ms)[0m  [1m[34mSELECT sqlite_version(*)[0m
  [1m[35m (0.9ms)[0m  [1m[34mSELECT sqlite_version(*)[0m
  [1m[35m (4.9ms)[0m  [1m[35mCREATE TABLE "schema_migrations" ("version" varchar NOT NULL PRIMARY KEY)[0m
  [1m[35m (5.0ms)[0m  [1m[35mCREATE TABLE "ar_internal_metadata" ("key" varchar NOT NULL PRIMARY KEY, "value" varchar, "created_at" datetime(6) NOT NULL, "updated_at" datetime(6) NOT NULL)[0m
  [1m[35m (0.2ms)[0m  [1m[34mSELECT "schema_migrations"."version" FROM "schema_migrations" ORDER BY "schema_migrations"."version" ASC[0m
Migrating to CreatePeople (20200519115859)
  [1m[35m (0.1ms)[0m  [1m[36mbegin transaction[0m
  [1m[35m (0.3ms)[0m  [1m[35mCREATE TABLE "people" ("id" integer PRIMARY KEY AUTOINCREMENT NOT NULL, "name" varchar, "created_at" datetime(6) NOT NULL, "updated_at" datetime(6) NOT NULL)[0m
  [1m[36mprimary::SchemaMigration Create (0.2ms)[0m  [1m[32mINSERT INTO "schema_migrations" ("version") VALUES (?)[0m  [["version", "20200519115859"]]
  [1m[35m (5.8ms)[0m  [1m[36mcommit transaction[0m
Migrating to CreatePhones (20200519115910)
  [1m[35m (0.1ms)[0m  [1m[36mbegin transaction[0m
  [1m[35m (0.5ms)[0m  [1m[35mCREATE TABLE "phones" ("id" integer PRIMARY KEY AUTOINCREMENT NOT NULL, "number" varchar, "person_id" integer, "created_at" datetime(6) NOT NULL, "updated_at" datetime(6) NOT NULL)[0m
  [1m[35m (0.3ms)[0m  [1m[35mCREATE  INDEX "index_phones_on_person_id" ON "phones" ("person_id")[0m
  [1m[36mprimary::SchemaMigration Create (0.5ms)[0m  [1m[32mINSERT INTO "schema_migrations" ("version") VALUES (?)[0m  [["version", "20200519115910"]]
  [1m[35m (6.5ms)[0m  [1m[36mcommit transaction[0m
  [1m[36mActiveRecord::InternalMetadata Load (0.2ms)[0m  [1m[34mSELECT "ar_internal_metadata".* FROM "ar_internal_metadata" WHERE "ar_internal_metadata"."key" = ? LIMIT ?[0m  [["key", "environment"], ["LIMIT", 1]]
  [1m[35m (0.1ms)[0m  [1m[36mbegin transaction[0m
  [1m[36mActiveRecord::InternalMetadata Create (0.2ms)[0m  [1m[32mINSERT INTO "ar_internal_metadata" ("key", "value", "created_at", "updated_at") VALUES (?, ?, ?, ?)[0m  [["key", "environment"], ["value", "development"], ["created_at", "2020-05-19 12:04:32.412263"], ["updated_at", "2020-05-19 12:04:32.412263"]]
  [1m[35m (5.9ms)[0m  [1m[36mcommit transaction[0m
  [1m[35m (0.2ms)[0m  [1m[34mSELECT sqlite_version(*)[0m
  [1m[35m (0.2ms)[0m  [1m[34mSELECT "schema_migrations"."version" FROM "schema_migrations" ORDER BY "schema_migrations"."version" ASC[0m
  [1m[35m (0.4ms)[0m  [1m[34mSELECT sqlite_version(*)[0m
  [1m[35m (0.1ms)[0m  [1m[36mbegin transaction[0m
  [1m[36mPerson Create (0.6ms)[0m  [1m[32mINSERT INTO "people" ("name", "created_at", "updated_at") VALUES (?, ?, ?)[0m  [["name", "Kubilay"], ["created_at", "2020-05-19 12:05:07.099312"], ["updated_at", "2020-05-19 12:05:07.099312"]]
  [1m[35m (5.0ms)[0m  [1m[36mcommit transaction[0m
  [1m[35m (0.1ms)[0m  [1m[36mbegin transaction[0m
  [1m[36mPerson Create (0.3ms)[0m  [1m[32mINSERT INTO "people" ("name", "created_at", "updated_at") VALUES (?, ?, ?)[0m  [["name", "Marios"], ["created_at", "2020-05-19 12:05:10.860331"], ["updated_at", "2020-05-19 12:05:10.860331"]]
  [1m[35m (4.2ms)[0m  [1m[36mcommit transaction[0m
  [1m[35m (0.1ms)[0m  [1m[36mbegin transaction[0m
  [1m[36mPerson Load (0.3ms)[0m  [1m[34mSELECT "people".* FROM "people" WHERE "people"."id" = ? LIMIT ?[0m  [["id", 1], ["LIMIT", 1]]
  [1m[36mPhone Create (0.3ms)[0m  [1m[32mINSERT INTO "phones" ("number", "person_id", "created_at", "updated_at") VALUES (?, ?, ?, ?)[0m  [["number", "65464"], ["person_id", 1], ["created_at", "2020-05-19 12:05:26.527814"], ["updated_at", "2020-05-19 12:05:26.527814"]]
  [1m[35m (4.4ms)[0m  [1m[36mcommit transaction[0m
  [1m[35m (0.1ms)[0m  [1m[36mbegin transaction[0m
  [1m[36mPerson Load (0.1ms)[0m  [1m[34mSELECT "people".* FROM "people" WHERE "people"."id" = ? LIMIT ?[0m  [["id", 2], ["LIMIT", 1]]
  [1m[36mPhone Create (0.3ms)[0m  [1m[32mINSERT INTO "phones" ("number", "person_id", "created_at", "updated_at") VALUES (?, ?, ?, ?)[0m  [["number", "0555"], ["person_id", 2], ["created_at", "2020-05-19 12:05:33.133620"], ["updated_at", "2020-05-19 12:05:33.133620"]]
  [1m[35m (4.6ms)[0m  [1m[36mcommit transaction[0m
  [1m[36mPerson Load (0.3ms)[0m  [1m[34mSELECT "people".* FROM "people" ORDER BY "people"."id" ASC LIMIT ?[0m  [["LIMIT", 1]]
  [1m[36mPhone Load (0.3ms)[0m  [1m[34mSELECT "phones".* FROM "phones" WHERE "phones"."person_id" = ? LIMIT ?[0m  [["person_id", 1], ["LIMIT", 11]]
  [1m[36mPhone Load (0.4ms)[0m  [1m[34mSELECT "phones".* FROM "phones" ORDER BY "phones"."id" ASC LIMIT ?[0m  [["LIMIT", 1]]
  [1m[36mPerson Load (0.1ms)[0m  [1m[34mSELECT "people".* FROM "people" WHERE "people"."id" = ? LIMIT ?[0m  [["id", 1], ["LIMIT", 1]]
  [1m[35m (0.3ms)[0m  [1m[34mSELECT sqlite_version(*)[0m
  [1m[36mPerson Load (0.1ms)[0m  [1m[34mSELECT "people".* FROM "people" ORDER BY "people"."id" ASC LIMIT ?[0m  [["LIMIT", 1]]
  [1m[35m (0.0ms)[0m  [1m[36mbegin transaction[0m
  [1m[36mPerson Load (0.1ms)[0m  [1m[34mSELECT "people".* FROM "people" WHERE "people"."id" = ? LIMIT ?[0m  [["id", 1], ["LIMIT", 1]]
  [1m[36mPhone Create (0.6ms)[0m  [1m[32mINSERT INTO "phones" ("number", "person_id", "created_at", "updated_at") VALUES (?, ?, ?, ?)[0m  [["number", "123"], ["person_id", 1], ["created_at", "2020-05-19 12:14:36.294178"], ["updated_at", "2020-05-19 12:14:36.294178"]]
  [1m[35m (5.6ms)[0m  [1m[36mcommit transaction[0m
  [1m[36mPerson Load (0.1ms)[0m  [1m[34mSELECT "people".* FROM "people" LIMIT ?[0m  [["LIMIT", 11]]
  [1m[35m (0.3ms)[0m  [1m[34mSELECT sqlite_version(*)[0m
  [1m[36mPerson Load (0.1ms)[0m  [1m[34mSELECT "people".* FROM "people" LIMIT ?[0m  [["LIMIT", 11]]
  [1m[35m (0.0ms)[0m  [1m[34mSELECT sqlite_version(*)[0m
  [1m[36mPerson Load (0.1ms)[0m  [1m[34mSELECT "people".* FROM "people" LIMIT ?[0m  [["LIMIT", 11]]
