  [1m[35m (1.3ms)[0m  [1m[34mSELECT sqlite_version(*)[0m
  [1m[35m (7.3ms)[0m  [1m[35mCREATE TABLE "schema_migrations" ("version" varchar NOT NULL PRIMARY KEY)[0m
  [1m[35m (7.4ms)[0m  [1m[35mCREATE TABLE "ar_internal_metadata" ("key" varchar NOT NULL PRIMARY KEY, "value" varchar, "created_at" datetime(6) NOT NULL, "updated_at" datetime(6) NOT NULL)[0m
  [1m[35m (0.1ms)[0m  [1m[34mSELECT "schema_migrations"."version" FROM "schema_migrations" ORDER BY "schema_migrations"."version" ASC[0m
Migrating to CreatePeople (20200518183902)
  [1m[35m (0.0ms)[0m  [1m[36mbegin transaction[0m
  [1m[35m (0.2ms)[0m  [1m[35mCREATE TABLE "people" ("id" integer PRIMARY KEY AUTOINCREMENT NOT NULL, "name" varchar, "pet_id" integer, "created_at" datetime(6) NOT NULL, "updated_at" datetime(6) NOT NULL)[0m
  [1m[35m (0.1ms)[0m  [1m[35mCREATE  INDEX "index_people_on_pet_id" ON "people" ("pet_id")[0m
  [1m[36mprimary::SchemaMigration Create (0.3ms)[0m  [1m[32mINSERT INTO "schema_migrations" ("version") VALUES (?)[0m  [["version", "20200518183902"]]
  [1m[35m (5.5ms)[0m  [1m[36mcommit transaction[0m
Migrating to CreatePets (20200518183922)
  [1m[35m (0.1ms)[0m  [1m[36mbegin transaction[0m
  [1m[35m (0.6ms)[0m  [1m[35mCREATE TABLE "pets" ("id" integer PRIMARY KEY AUTOINCREMENT NOT NULL, "name" varchar, "person_id" integer, "created_at" datetime(6) NOT NULL, "updated_at" datetime(6) NOT NULL)[0m
  [1m[35m (0.1ms)[0m  [1m[35mCREATE  INDEX "index_pets_on_person_id" ON "pets" ("person_id")[0m
  [1m[36mprimary::SchemaMigration Create (0.2ms)[0m  [1m[32mINSERT INTO "schema_migrations" ("version") VALUES (?)[0m  [["version", "20200518183922"]]
  [1m[35m (6.8ms)[0m  [1m[36mcommit transaction[0m
  [1m[36mActiveRecord::InternalMetadata Load (0.2ms)[0m  [1m[34mSELECT "ar_internal_metadata".* FROM "ar_internal_metadata" WHERE "ar_internal_metadata"."key" = ? LIMIT ?[0m  [["key", "environment"], ["LIMIT", 1]]
  [1m[35m (0.1ms)[0m  [1m[36mbegin transaction[0m
  [1m[36mActiveRecord::InternalMetadata Create (0.2ms)[0m  [1m[32mINSERT INTO "ar_internal_metadata" ("key", "value", "created_at", "updated_at") VALUES (?, ?, ?, ?)[0m  [["key", "environment"], ["value", "development"], ["created_at", "2020-05-18 18:43:15.123033"], ["updated_at", "2020-05-18 18:43:15.123033"]]
  [1m[35m (4.3ms)[0m  [1m[36mcommit transaction[0m
  [1m[35m (0.1ms)[0m  [1m[34mSELECT sqlite_version(*)[0m
  [1m[35m (0.1ms)[0m  [1m[34mSELECT "schema_migrations"."version" FROM "schema_migrations" ORDER BY "schema_migrations"."version" ASC[0m
  [1m[35m (0.2ms)[0m  [1m[34mSELECT sqlite_version(*)[0m
  [1m[35m (0.1ms)[0m  [1m[34mSELECT "schema_migrations"."version" FROM "schema_migrations" ORDER BY "schema_migrations"."version" ASC[0m
  [1m[35m (0.0ms)[0m  [1m[34mSELECT "schema_migrations"."version" FROM "schema_migrations" ORDER BY "schema_migrations"."version" ASC[0m
  [1m[35m (0.0ms)[0m  [1m[34mSELECT "schema_migrations"."version" FROM "schema_migrations" ORDER BY "schema_migrations"."version" ASC[0m
  [1m[35m (0.0ms)[0m  [1m[34mSELECT "schema_migrations"."version" FROM "schema_migrations" ORDER BY "schema_migrations"."version" ASC[0m
Migrating to CreatePets (20200518183922)
  [1m[35m (0.0ms)[0m  [1m[36mbegin transaction[0m
  [1m[35m (0.2ms)[0m  [1m[35mDROP TABLE "pets"[0m
  [1m[36mprimary::SchemaMigration Destroy (0.1ms)[0m  [1m[31mDELETE FROM "schema_migrations" WHERE "schema_migrations"."version" = ?[0m  [["version", "20200518183922"]]
  [1m[35m (4.6ms)[0m  [1m[36mcommit transaction[0m
  [1m[35m (0.0ms)[0m  [1m[34mSELECT sqlite_version(*)[0m
  [1m[35m (0.1ms)[0m  [1m[34mSELECT "schema_migrations"."version" FROM "schema_migrations" ORDER BY "schema_migrations"."version" ASC[0m
  [1m[35m (0.2ms)[0m  [1m[34mSELECT sqlite_version(*)[0m
  [1m[35m (0.1ms)[0m  [1m[34mSELECT "schema_migrations"."version" FROM "schema_migrations" ORDER BY "schema_migrations"."version" ASC[0m
  [1m[35m (0.0ms)[0m  [1m[34mSELECT "schema_migrations"."version" FROM "schema_migrations" ORDER BY "schema_migrations"."version" ASC[0m
  [1m[35m (0.0ms)[0m  [1m[34mSELECT "schema_migrations"."version" FROM "schema_migrations" ORDER BY "schema_migrations"."version" ASC[0m
  [1m[35m (0.0ms)[0m  [1m[34mSELECT "schema_migrations"."version" FROM "schema_migrations" ORDER BY "schema_migrations"."version" ASC[0m
Migrating to CreatePeople (20200518183902)
  [1m[35m (0.1ms)[0m  [1m[36mbegin transaction[0m
  [1m[35m (0.2ms)[0m  [1m[35mDROP TABLE "people"[0m
  [1m[36mprimary::SchemaMigration Destroy (0.1ms)[0m  [1m[31mDELETE FROM "schema_migrations" WHERE "schema_migrations"."version" = ?[0m  [["version", "20200518183902"]]
  [1m[35m (4.4ms)[0m  [1m[36mcommit transaction[0m
  [1m[35m (0.0ms)[0m  [1m[34mSELECT sqlite_version(*)[0m
  [1m[35m (0.1ms)[0m  [1m[34mSELECT "schema_migrations"."version" FROM "schema_migrations" ORDER BY "schema_migrations"."version" ASC[0m
  [1m[35m (0.2ms)[0m  [1m[34mSELECT sqlite_version(*)[0m
  [1m[35m (0.1ms)[0m  [1m[34mSELECT "schema_migrations"."version" FROM "schema_migrations" ORDER BY "schema_migrations"."version" ASC[0m
Migrating to CreatePeople (20200518183902)
  [1m[35m (0.0ms)[0m  [1m[36mbegin transaction[0m
  [1m[35m (0.2ms)[0m  [1m[35mCREATE TABLE "people" ("id" integer PRIMARY KEY AUTOINCREMENT NOT NULL, "name" varchar, "created_at" datetime(6) NOT NULL, "updated_at" datetime(6) NOT NULL)[0m
  [1m[36mprimary::SchemaMigration Create (0.1ms)[0m  [1m[32mINSERT INTO "schema_migrations" ("version") VALUES (?)[0m  [["version", "20200518183902"]]
  [1m[35m (4.7ms)[0m  [1m[36mcommit transaction[0m
Migrating to CreatePets (20200518183922)
  [1m[35m (0.1ms)[0m  [1m[36mbegin transaction[0m
  [1m[35m (0.2ms)[0m  [1m[35mCREATE TABLE "pets" ("id" integer PRIMARY KEY AUTOINCREMENT NOT NULL, "name" varchar, "created_at" datetime(6) NOT NULL, "updated_at" datetime(6) NOT NULL)[0m
  [1m[36mprimary::SchemaMigration Create (0.2ms)[0m  [1m[32mINSERT INTO "schema_migrations" ("version") VALUES (?)[0m  [["version", "20200518183922"]]
  [1m[35m (4.0ms)[0m  [1m[36mcommit transaction[0m
Migrating to CreateFriends (20200518184600)
  [1m[35m (0.1ms)[0m  [1m[36mbegin transaction[0m
  [1m[35m (0.6ms)[0m  [1m[35mCREATE TABLE "friends" ("id" integer PRIMARY KEY AUTOINCREMENT NOT NULL, "person_id" integer, "pet_id" integer, "created_at" datetime(6) NOT NULL, "updated_at" datetime(6) NOT NULL)[0m
  [1m[35m (0.1ms)[0m  [1m[35mCREATE  INDEX "index_friends_on_person_id" ON "friends" ("person_id")[0m
  [1m[35m (0.1ms)[0m  [1m[35mCREATE  INDEX "index_friends_on_pet_id" ON "friends" ("pet_id")[0m
  [1m[36mprimary::SchemaMigration Create (0.1ms)[0m  [1m[32mINSERT INTO "schema_migrations" ("version") VALUES (?)[0m  [["version", "20200518184600"]]
  [1m[35m (5.5ms)[0m  [1m[36mcommit transaction[0m
  [1m[36mActiveRecord::InternalMetadata Load (0.4ms)[0m  [1m[34mSELECT "ar_internal_metadata".* FROM "ar_internal_metadata" WHERE "ar_internal_metadata"."key" = ? LIMIT ?[0m  [["key", "environment"], ["LIMIT", 1]]
  [1m[35m (0.0ms)[0m  [1m[34mSELECT sqlite_version(*)[0m
  [1m[35m (0.1ms)[0m  [1m[34mSELECT "schema_migrations"."version" FROM "schema_migrations" ORDER BY "schema_migrations"."version" ASC[0m
  [1m[35m (0.2ms)[0m  [1m[34mSELECT sqlite_version(*)[0m
  [1m[35m (0.1ms)[0m  [1m[34mSELECT "schema_migrations"."version" FROM "schema_migrations" ORDER BY "schema_migrations"."version" ASC[0m
  [1m[35m (0.0ms)[0m  [1m[34mSELECT sqlite_version(*)[0m
  [1m[35m (0.0ms)[0m  [1m[36mbegin transaction[0m
  [1m[36mPerson Create (0.1ms)[0m  [1m[32mINSERT INTO "people" ("name", "created_at", "updated_at") VALUES (?, ?, ?)[0m  [["name", "Kubilay"], ["created_at", "2020-05-18 18:47:26.659425"], ["updated_at", "2020-05-18 18:47:26.659425"]]
  [1m[35m (4.0ms)[0m  [1m[36mcommit transaction[0m
  [1m[35m (0.0ms)[0m  [1m[36mbegin transaction[0m
  [1m[36mPerson Create (0.1ms)[0m  [1m[32mINSERT INTO "people" ("name", "created_at", "updated_at") VALUES (?, ?, ?)[0m  [["name", "Marios"], ["created_at", "2020-05-18 18:47:26.666348"], ["updated_at", "2020-05-18 18:47:26.666348"]]
  [1m[35m (4.2ms)[0m  [1m[36mcommit transaction[0m
  [1m[35m (0.0ms)[0m  [1m[36mbegin transaction[0m
  [1m[36mPerson Create (0.1ms)[0m  [1m[32mINSERT INTO "people" ("name", "created_at", "updated_at") VALUES (?, ?, ?)[0m  [["name", "John"], ["created_at", "2020-05-18 18:47:26.673316"], ["updated_at", "2020-05-18 18:47:26.673316"]]
  [1m[35m (4.3ms)[0m  [1m[36mcommit transaction[0m
  [1m[35m (0.0ms)[0m  [1m[36mbegin transaction[0m
  [1m[36mPerson Create (0.2ms)[0m  [1m[32mINSERT INTO "people" ("name", "created_at", "updated_at") VALUES (?, ?, ?)[0m  [["name", "Jack"], ["created_at", "2020-05-18 18:47:26.680424"], ["updated_at", "2020-05-18 18:47:26.680424"]]
  [1m[35m (4.2ms)[0m  [1m[36mcommit transaction[0m
  [1m[35m (0.0ms)[0m  [1m[36mbegin transaction[0m
  [1m[36mPerson Create (0.1ms)[0m  [1m[32mINSERT INTO "people" ("name", "created_at", "updated_at") VALUES (?, ?, ?)[0m  [["name", "Sully"], ["created_at", "2020-05-18 18:47:26.692821"], ["updated_at", "2020-05-18 18:47:26.692821"]]
  [1m[35m (3.9ms)[0m  [1m[36mcommit transaction[0m
  [1m[35m (0.0ms)[0m  [1m[36mbegin transaction[0m
  [1m[36mPet Create (0.1ms)[0m  [1m[32mINSERT INTO "pets" ("name", "created_at", "updated_at") VALUES (?, ?, ?)[0m  [["name", "Dog"], ["created_at", "2020-05-18 18:47:26.703221"], ["updated_at", "2020-05-18 18:47:26.703221"]]
  [1m[35m (4.0ms)[0m  [1m[36mcommit transaction[0m
  [1m[35m (0.0ms)[0m  [1m[36mbegin transaction[0m
  [1m[36mPet Create (0.1ms)[0m  [1m[32mINSERT INTO "pets" ("name", "created_at", "updated_at") VALUES (?, ?, ?)[0m  [["name", "Cat"], ["created_at", "2020-05-18 18:47:26.709666"], ["updated_at", "2020-05-18 18:47:26.709666"]]
  [1m[35m (4.5ms)[0m  [1m[36mcommit transaction[0m
  [1m[35m (0.0ms)[0m  [1m[36mbegin transaction[0m
  [1m[36mPet Create (0.1ms)[0m  [1m[32mINSERT INTO "pets" ("name", "created_at", "updated_at") VALUES (?, ?, ?)[0m  [["name", "Lion"], ["created_at", "2020-05-18 18:47:26.718766"], ["updated_at", "2020-05-18 18:47:26.718766"]]
  [1m[35m (4.7ms)[0m  [1m[36mcommit transaction[0m
  [1m[35m (0.0ms)[0m  [1m[36mbegin transaction[0m
  [1m[36mPet Create (0.1ms)[0m  [1m[32mINSERT INTO "pets" ("name", "created_at", "updated_at") VALUES (?, ?, ?)[0m  [["name", "Cheetah"], ["created_at", "2020-05-18 18:47:26.725715"], ["updated_at", "2020-05-18 18:47:26.725715"]]
  [1m[35m (4.9ms)[0m  [1m[36mcommit transaction[0m
  [1m[35m (0.1ms)[0m  [1m[36mbegin transaction[0m
  [1m[36mPet Create (0.6ms)[0m  [1m[32mINSERT INTO "pets" ("name", "created_at", "updated_at") VALUES (?, ?, ?)[0m  [["name", "Puma"], ["created_at", "2020-05-18 18:47:26.737218"], ["updated_at", "2020-05-18 18:47:26.737218"]]
  [1m[35m (4.9ms)[0m  [1m[36mcommit transaction[0m
  [1m[35m (0.0ms)[0m  [1m[36mbegin transaction[0m
  [1m[36mPet Create (0.1ms)[0m  [1m[32mINSERT INTO "pets" ("name", "created_at", "updated_at") VALUES (?, ?, ?)[0m  [["name", "Jaguar"], ["created_at", "2020-05-18 18:47:26.753455"], ["updated_at", "2020-05-18 18:47:26.753455"]]
  [1m[35m (4.0ms)[0m  [1m[36mcommit transaction[0m
  [1m[35m (0.4ms)[0m  [1m[34mSELECT sqlite_version(*)[0m
  [1m[36mPerson Load (0.2ms)[0m  [1m[34mSELECT "people".* FROM "people" LIMIT ?[0m  [["LIMIT", 11]]
  [1m[36mPerson Load (0.1ms)[0m  [1m[34mSELECT "people".* FROM "people" ORDER BY "people"."id" ASC LIMIT ?[0m  [["LIMIT", 1]]
  [1m[36mFriend Load (0.1ms)[0m  [1m[34mSELECT "friends".* FROM "friends" WHERE "friends"."person_id" = ? LIMIT ?[0m  [["person_id", 1], ["LIMIT", 11]]
  [1m[36mFriend Load (0.4ms)[0m  [1m[34mSELECT "friends".* FROM "friends" LIMIT ?[0m  [["LIMIT", 11]]
  [1m[35m (0.1ms)[0m  [1m[36mbegin transaction[0m
  [1m[36mPerson Load (0.2ms)[0m  [1m[34mSELECT "people".* FROM "people" WHERE "people"."id" = ? LIMIT ?[0m  [["id", 2], ["LIMIT", 1]]
  [1m[36mPet Load (0.1ms)[0m  [1m[34mSELECT "pets".* FROM "pets" WHERE "pets"."id" = ? LIMIT ?[0m  [["id", 2], ["LIMIT", 1]]
  [1m[36mFriend Create (0.3ms)[0m  [1m[32mINSERT INTO "friends" ("person_id", "pet_id", "created_at", "updated_at") VALUES (?, ?, ?, ?)[0m  [["person_id", 2], ["pet_id", 2], ["created_at", "2020-05-18 18:48:49.193751"], ["updated_at", "2020-05-18 18:48:49.193751"]]
  [1m[35m (4.4ms)[0m  [1m[36mcommit transaction[0m
  [1m[36mPerson Load (0.1ms)[0m  [1m[34mSELECT "people".* FROM "people" WHERE "people"."id" = ? LIMIT ?[0m  [["id", 2], ["LIMIT", 1]]
  [1m[36mFriend Load (0.1ms)[0m  [1m[34mSELECT "friends".* FROM "friends" WHERE "friends"."person_id" = ? LIMIT ?[0m  [["person_id", 2], ["LIMIT", 11]]
  [1m[36mFriend Load (0.4ms)[0m  [1m[34mSELECT "friends".* FROM "friends" ORDER BY "friends"."id" ASC LIMIT ?[0m  [["LIMIT", 1]]
  [1m[36mFriend Load (0.3ms)[0m  [1m[34mSELECT "friends".* FROM "friends" ORDER BY "friends"."id" ASC LIMIT ?[0m  [["LIMIT", 1]]
  [1m[36mPerson Load (0.1ms)[0m  [1m[34mSELECT "people".* FROM "people" WHERE "people"."id" = ? LIMIT ?[0m  [["id", 2], ["LIMIT", 1]]
  [1m[36mFriend Load (0.3ms)[0m  [1m[34mSELECT "friends".* FROM "friends" ORDER BY "friends"."id" ASC LIMIT ?[0m  [["LIMIT", 1]]
  [1m[36mPet Load (0.2ms)[0m  [1m[34mSELECT "pets".* FROM "pets" WHERE "pets"."id" = ? LIMIT ?[0m  [["id", 2], ["LIMIT", 1]]
  [1m[36mPerson Load (0.1ms)[0m  [1m[34mSELECT "people".* FROM "people" WHERE "people"."id" = ? LIMIT ?[0m  [["id", 2], ["LIMIT", 1]]
  [1m[36mFriend Load (0.1ms)[0m  [1m[34mSELECT "friends".* FROM "friends" WHERE "friends"."person_id" = ? LIMIT ?[0m  [["person_id", 2], ["LIMIT", 11]]
  [1m[36mPerson Load (0.1ms)[0m  [1m[34mSELECT "people".* FROM "people" WHERE "people"."id" = ? LIMIT ?[0m  [["id", 2], ["LIMIT", 1]]
  [1m[36mFriend Load (0.1ms)[0m  [1m[34mSELECT "friends".* FROM "friends" WHERE "friends"."person_id" = ? LIMIT ?[0m  [["person_id", 2], ["LIMIT", 11]]
  [1m[36mPerson Load (0.1ms)[0m  [1m[34mSELECT "people".* FROM "people" WHERE "people"."id" = ? LIMIT ?[0m  [["id", 2], ["LIMIT", 1]]
  [1m[36mFriend Load (0.1ms)[0m  [1m[34mSELECT "friends".* FROM "friends" WHERE "friends"."person_id" = ? ORDER BY "friends"."id" ASC LIMIT ?[0m  [["person_id", 2], ["LIMIT", 1]]
  [1m[36mPet Load (0.0ms)[0m  [1m[34mSELECT "pets".* FROM "pets" WHERE "pets"."id" = ? LIMIT ?[0m  [["id", 2], ["LIMIT", 1]]
  [1m[35m (0.2ms)[0m  [1m[34mSELECT sqlite_version(*)[0m
  [1m[35m (0.1ms)[0m  [1m[34mSELECT "schema_migrations"."version" FROM "schema_migrations" ORDER BY "schema_migrations"."version" ASC[0m
  [1m[35m (0.1ms)[0m  [1m[34mSELECT "ar_internal_metadata"."value" FROM "ar_internal_metadata" WHERE "ar_internal_metadata"."key" = ?[0m  [["key", "environment"]]
  [1m[35m (0.0ms)[0m  [1m[34mSELECT "schema_migrations"."version" FROM "schema_migrations" ORDER BY "schema_migrations"."version" ASC[0m
  [1m[35m (0.0ms)[0m  [1m[34mSELECT "ar_internal_metadata"."value" FROM "ar_internal_metadata" WHERE "ar_internal_metadata"."key" = ?[0m  [["key", "environment"]]
  [1m[35m (0.0ms)[0m  [1m[34mSELECT "schema_migrations"."version" FROM "schema_migrations" ORDER BY "schema_migrations"."version" ASC[0m
  [1m[35m (0.0ms)[0m  [1m[34mSELECT "ar_internal_metadata"."value" FROM "ar_internal_metadata" WHERE "ar_internal_metadata"."key" = ?[0m  [["key", "environment"]]
  [1m[35m (0.0ms)[0m  [1m[34mSELECT sqlite_version(*)[0m
  [1m[35m (0.0ms)[0m  [1m[34mSELECT sqlite_version(*)[0m
  [1m[35m (0.0ms)[0m  [1m[34mSELECT sqlite_version(*)[0m
  [1m[35m (0.1ms)[0m  [1m[35mDROP TABLE IF EXISTS "friends"[0m
  [1m[35m (5.7ms)[0m  [1m[35mCREATE TABLE "friends" ("id" integer PRIMARY KEY AUTOINCREMENT NOT NULL, "person_id" integer, "pet_id" integer, "created_at" datetime(6) NOT NULL, "updated_at" datetime(6) NOT NULL)[0m
  [1m[35m (6.0ms)[0m  [1m[35mCREATE  INDEX "index_friends_on_person_id" ON "friends" ("person_id")[0m
  [1m[35m (5.5ms)[0m  [1m[35mCREATE  INDEX "index_friends_on_pet_id" ON "friends" ("pet_id")[0m
  [1m[35m (0.1ms)[0m  [1m[35mDROP TABLE IF EXISTS "people"[0m
  [1m[35m (5.6ms)[0m  [1m[35mCREATE TABLE "people" ("id" integer PRIMARY KEY AUTOINCREMENT NOT NULL, "name" varchar, "created_at" datetime(6) NOT NULL, "updated_at" datetime(6) NOT NULL)[0m
  [1m[35m (0.2ms)[0m  [1m[35mDROP TABLE IF EXISTS "pets"[0m
  [1m[35m (7.7ms)[0m  [1m[35mCREATE TABLE "pets" ("id" integer PRIMARY KEY AUTOINCREMENT NOT NULL, "name" varchar, "created_at" datetime(6) NOT NULL, "updated_at" datetime(6) NOT NULL)[0m
  [1m[35m (5.5ms)[0m  [1m[35mCREATE TABLE "schema_migrations" ("version" varchar NOT NULL PRIMARY KEY)[0m
  [1m[35m (0.1ms)[0m  [1m[34mSELECT "schema_migrations"."version" FROM "schema_migrations" ORDER BY "schema_migrations"."version" ASC[0m
  [1m[35m (6.4ms)[0m  [1m[32mINSERT INTO "schema_migrations" (version) VALUES (20200518184600)[0m
  [1m[35m (6.9ms)[0m  [1m[32mINSERT INTO "schema_migrations" (version) VALUES
(20200518183902),
(20200518183922);

[0m
  [1m[35m (6.3ms)[0m  [1m[35mCREATE TABLE "ar_internal_metadata" ("key" varchar NOT NULL PRIMARY KEY, "value" varchar, "created_at" datetime(6) NOT NULL, "updated_at" datetime(6) NOT NULL)[0m
  [1m[36mActiveRecord::InternalMetadata Load (0.4ms)[0m  [1m[34mSELECT "ar_internal_metadata".* FROM "ar_internal_metadata" WHERE "ar_internal_metadata"."key" = ? LIMIT ?[0m  [["key", "environment"], ["LIMIT", 1]]
  [1m[35m (0.1ms)[0m  [1m[36mbegin transaction[0m
  [1m[36mActiveRecord::InternalMetadata Create (0.3ms)[0m  [1m[32mINSERT INTO "ar_internal_metadata" ("key", "value", "created_at", "updated_at") VALUES (?, ?, ?, ?)[0m  [["key", "environment"], ["value", "development"], ["created_at", "2020-05-18 18:54:31.590171"], ["updated_at", "2020-05-18 18:54:31.590171"]]
  [1m[35m (4.3ms)[0m  [1m[36mcommit transaction[0m
  [1m[36mActiveRecord::InternalMetadata Load (0.1ms)[0m  [1m[34mSELECT "ar_internal_metadata".* FROM "ar_internal_metadata" WHERE "ar_internal_metadata"."key" = ? LIMIT ?[0m  [["key", "environment"], ["LIMIT", 1]]
  [1m[36mActiveRecord::InternalMetadata Load (0.1ms)[0m  [1m[34mSELECT "ar_internal_metadata".* FROM "ar_internal_metadata" WHERE "ar_internal_metadata"."key" = ? LIMIT ?[0m  [["key", "schema_sha1"], ["LIMIT", 1]]
  [1m[35m (0.1ms)[0m  [1m[36mbegin transaction[0m
  [1m[36mActiveRecord::InternalMetadata Create (0.2ms)[0m  [1m[32mINSERT INTO "ar_internal_metadata" ("key", "value", "created_at", "updated_at") VALUES (?, ?, ?, ?)[0m  [["key", "schema_sha1"], ["value", "78c54fa7db7767a8e8081944cdec66572a8f255c"], ["created_at", "2020-05-18 18:54:31.604164"], ["updated_at", "2020-05-18 18:54:31.604164"]]
  [1m[35m (3.7ms)[0m  [1m[36mcommit transaction[0m
  [1m[35m (0.0ms)[0m  [1m[34mSELECT sqlite_version(*)[0m
  [1m[35m (0.1ms)[0m  [1m[35mDROP TABLE IF EXISTS "friends"[0m
  [1m[35m (5.8ms)[0m  [1m[35mCREATE TABLE "friends" ("id" integer PRIMARY KEY AUTOINCREMENT NOT NULL, "person_id" integer, "pet_id" integer, "created_at" datetime(6) NOT NULL, "updated_at" datetime(6) NOT NULL)[0m
  [1m[35m (6.1ms)[0m  [1m[35mCREATE  INDEX "index_friends_on_person_id" ON "friends" ("person_id")[0m
  [1m[35m (6.4ms)[0m  [1m[35mCREATE  INDEX "index_friends_on_pet_id" ON "friends" ("pet_id")[0m
  [1m[35m (0.3ms)[0m  [1m[35mDROP TABLE IF EXISTS "people"[0m
  [1m[35m (8.6ms)[0m  [1m[35mCREATE TABLE "people" ("id" integer PRIMARY KEY AUTOINCREMENT NOT NULL, "name" varchar, "created_at" datetime(6) NOT NULL, "updated_at" datetime(6) NOT NULL)[0m
  [1m[35m (0.3ms)[0m  [1m[35mDROP TABLE IF EXISTS "pets"[0m
  [1m[35m (6.6ms)[0m  [1m[35mCREATE TABLE "pets" ("id" integer PRIMARY KEY AUTOINCREMENT NOT NULL, "name" varchar, "created_at" datetime(6) NOT NULL, "updated_at" datetime(6) NOT NULL)[0m
  [1m[35m (6.4ms)[0m  [1m[35mCREATE TABLE "schema_migrations" ("version" varchar NOT NULL PRIMARY KEY)[0m
  [1m[35m (0.3ms)[0m  [1m[34mSELECT "schema_migrations"."version" FROM "schema_migrations" ORDER BY "schema_migrations"."version" ASC[0m
  [1m[35m (6.9ms)[0m  [1m[32mINSERT INTO "schema_migrations" (version) VALUES (20200518184600)[0m
  [1m[35m (5.9ms)[0m  [1m[32mINSERT INTO "schema_migrations" (version) VALUES
(20200518183902),
(20200518183922);

[0m
  [1m[35m (7.5ms)[0m  [1m[35mCREATE TABLE "ar_internal_metadata" ("key" varchar NOT NULL PRIMARY KEY, "value" varchar, "created_at" datetime(6) NOT NULL, "updated_at" datetime(6) NOT NULL)[0m
  [1m[36mActiveRecord::InternalMetadata Load (0.1ms)[0m  [1m[34mSELECT "ar_internal_metadata".* FROM "ar_internal_metadata" WHERE "ar_internal_metadata"."key" = ? LIMIT ?[0m  [["key", "environment"], ["LIMIT", 1]]
  [1m[35m (0.0ms)[0m  [1m[36mbegin transaction[0m
  [1m[36mActiveRecord::InternalMetadata Create (0.2ms)[0m  [1m[32mINSERT INTO "ar_internal_metadata" ("key", "value", "created_at", "updated_at") VALUES (?, ?, ?, ?)[0m  [["key", "environment"], ["value", "development"], ["created_at", "2020-05-18 18:54:31.724347"], ["updated_at", "2020-05-18 18:54:31.724347"]]
  [1m[35m (4.5ms)[0m  [1m[36mcommit transaction[0m
  [1m[36mActiveRecord::InternalMetadata Load (0.1ms)[0m  [1m[34mSELECT "ar_internal_metadata".* FROM "ar_internal_metadata" WHERE "ar_internal_metadata"."key" = ? LIMIT ?[0m  [["key", "environment"], ["LIMIT", 1]]
  [1m[35m (0.0ms)[0m  [1m[36mbegin transaction[0m
  [1m[36mActiveRecord::InternalMetadata Update (0.2ms)[0m  [1m[33mUPDATE "ar_internal_metadata" SET "value" = ?, "updated_at" = ? WHERE "ar_internal_metadata"."key" = ?[0m  [["value", "test"], ["updated_at", "2020-05-18 18:54:31.736326"], ["key", "environment"]]
  [1m[35m (4.0ms)[0m  [1m[36mcommit transaction[0m
  [1m[36mActiveRecord::InternalMetadata Load (0.1ms)[0m  [1m[34mSELECT "ar_internal_metadata".* FROM "ar_internal_metadata" WHERE "ar_internal_metadata"."key" = ? LIMIT ?[0m  [["key", "schema_sha1"], ["LIMIT", 1]]
  [1m[35m (0.0ms)[0m  [1m[36mbegin transaction[0m
  [1m[36mActiveRecord::InternalMetadata Create (0.2ms)[0m  [1m[32mINSERT INTO "ar_internal_metadata" ("key", "value", "created_at", "updated_at") VALUES (?, ?, ?, ?)[0m  [["key", "schema_sha1"], ["value", "78c54fa7db7767a8e8081944cdec66572a8f255c"], ["created_at", "2020-05-18 18:54:31.746570"], ["updated_at", "2020-05-18 18:54:31.746570"]]
  [1m[35m (6.2ms)[0m  [1m[36mcommit transaction[0m
  [1m[35m (0.1ms)[0m  [1m[34mSELECT sqlite_version(*)[0m
  [1m[35m (0.1ms)[0m  [1m[34mSELECT "schema_migrations"."version" FROM "schema_migrations" ORDER BY "schema_migrations"."version" ASC[0m
  [1m[35m (0.0ms)[0m  [1m[34mSELECT sqlite_version(*)[0m
  [1m[35m (0.0ms)[0m  [1m[36mbegin transaction[0m
  [1m[36mPerson Create (0.2ms)[0m  [1m[32mINSERT INTO "people" ("name", "created_at", "updated_at") VALUES (?, ?, ?)[0m  [["name", "Kubilay"], ["created_at", "2020-05-18 18:54:31.773986"], ["updated_at", "2020-05-18 18:54:31.773986"]]
  [1m[35m (4.3ms)[0m  [1m[36mcommit transaction[0m
  [1m[35m (0.0ms)[0m  [1m[36mbegin transaction[0m
  [1m[36mPerson Create (0.1ms)[0m  [1m[32mINSERT INTO "people" ("name", "created_at", "updated_at") VALUES (?, ?, ?)[0m  [["name", "Marios"], ["created_at", "2020-05-18 18:54:31.782105"], ["updated_at", "2020-05-18 18:54:31.782105"]]
  [1m[35m (3.9ms)[0m  [1m[36mcommit transaction[0m
  [1m[35m (0.0ms)[0m  [1m[36mbegin transaction[0m
  [1m[36mPerson Create (0.1ms)[0m  [1m[32mINSERT INTO "people" ("name", "created_at", "updated_at") VALUES (?, ?, ?)[0m  [["name", "John"], ["created_at", "2020-05-18 18:54:31.789639"], ["updated_at", "2020-05-18 18:54:31.789639"]]
  [1m[35m (5.1ms)[0m  [1m[36mcommit transaction[0m
  [1m[35m (0.0ms)[0m  [1m[36mbegin transaction[0m
  [1m[36mPerson Create (0.1ms)[0m  [1m[32mINSERT INTO "people" ("name", "created_at", "updated_at") VALUES (?, ?, ?)[0m  [["name", "Jack"], ["created_at", "2020-05-18 18:54:31.798255"], ["updated_at", "2020-05-18 18:54:31.798255"]]
  [1m[35m (4.0ms)[0m  [1m[36mcommit transaction[0m
  [1m[35m (0.0ms)[0m  [1m[36mbegin transaction[0m
  [1m[36mPerson Create (0.1ms)[0m  [1m[32mINSERT INTO "people" ("name", "created_at", "updated_at") VALUES (?, ?, ?)[0m  [["name", "Sully"], ["created_at", "2020-05-18 18:54:31.805965"], ["updated_at", "2020-05-18 18:54:31.805965"]]
  [1m[35m (3.8ms)[0m  [1m[36mcommit transaction[0m
  [1m[35m (0.0ms)[0m  [1m[36mbegin transaction[0m
  [1m[36mPet Create (0.1ms)[0m  [1m[32mINSERT INTO "pets" ("name", "created_at", "updated_at") VALUES (?, ?, ?)[0m  [["name", "Dog"], ["created_at", "2020-05-18 18:54:31.817191"], ["updated_at", "2020-05-18 18:54:31.817191"]]
  [1m[35m (3.7ms)[0m  [1m[36mcommit transaction[0m
  [1m[35m (0.0ms)[0m  [1m[36mbegin transaction[0m
  [1m[36mPet Create (0.2ms)[0m  [1m[32mINSERT INTO "pets" ("name", "created_at", "updated_at") VALUES (?, ?, ?)[0m  [["name", "Cat"], ["created_at", "2020-05-18 18:54:31.824492"], ["updated_at", "2020-05-18 18:54:31.824492"]]
  [1m[35m (4.6ms)[0m  [1m[36mcommit transaction[0m
  [1m[35m (0.1ms)[0m  [1m[36mbegin transaction[0m
  [1m[36mPet Create (0.3ms)[0m  [1m[32mINSERT INTO "pets" ("name", "created_at", "updated_at") VALUES (?, ?, ?)[0m  [["name", "Lion"], ["created_at", "2020-05-18 18:54:31.835146"], ["updated_at", "2020-05-18 18:54:31.835146"]]
  [1m[35m (4.0ms)[0m  [1m[36mcommit transaction[0m
  [1m[35m (0.0ms)[0m  [1m[36mbegin transaction[0m
  [1m[36mPet Create (0.2ms)[0m  [1m[32mINSERT INTO "pets" ("name", "created_at", "updated_at") VALUES (?, ?, ?)[0m  [["name", "Cheetah"], ["created_at", "2020-05-18 18:54:31.845664"], ["updated_at", "2020-05-18 18:54:31.845664"]]
  [1m[35m (3.9ms)[0m  [1m[36mcommit transaction[0m
  [1m[35m (0.0ms)[0m  [1m[36mbegin transaction[0m
  [1m[36mPet Create (0.2ms)[0m  [1m[32mINSERT INTO "pets" ("name", "created_at", "updated_at") VALUES (?, ?, ?)[0m  [["name", "Puma"], ["created_at", "2020-05-18 18:54:31.854508"], ["updated_at", "2020-05-18 18:54:31.854508"]]
  [1m[35m (4.1ms)[0m  [1m[36mcommit transaction[0m
  [1m[35m (0.0ms)[0m  [1m[36mbegin transaction[0m
  [1m[36mPet Create (0.2ms)[0m  [1m[32mINSERT INTO "pets" ("name", "created_at", "updated_at") VALUES (?, ?, ?)[0m  [["name", "Jaguar"], ["created_at", "2020-05-18 18:54:31.862494"], ["updated_at", "2020-05-18 18:54:31.862494"]]
  [1m[35m (5.8ms)[0m  [1m[36mcommit transaction[0m
  [1m[36mPet Load (0.1ms)[0m  [1m[34mSELECT "pets".* FROM "pets"[0m
  [1m[36mPerson Load (0.1ms)[0m  [1m[34mSELECT "people".* FROM "people" ORDER BY "people"."id" ASC LIMIT ?[0m  [["LIMIT", 1]]
  [1m[35m (0.0ms)[0m  [1m[36mbegin transaction[0m
  [1m[36mPerson Load (0.1ms)[0m  [1m[34mSELECT "people".* FROM "people" WHERE "people"."id" = ? LIMIT ?[0m  [["id", 1], ["LIMIT", 1]]
  [1m[36mPet Load (0.1ms)[0m  [1m[34mSELECT "pets".* FROM "pets" WHERE "pets"."id" = ? LIMIT ?[0m  [["id", 1], ["LIMIT", 1]]
  [1m[36mFriend Create (0.2ms)[0m  [1m[32mINSERT INTO "friends" ("person_id", "pet_id", "created_at", "updated_at") VALUES (?, ?, ?, ?)[0m  [["person_id", 1], ["pet_id", 1], ["created_at", "2020-05-18 18:54:31.886828"], ["updated_at", "2020-05-18 18:54:31.886828"]]
  [1m[35m (4.0ms)[0m  [1m[36mcommit transaction[0m
  [1m[36mPerson Load (0.1ms)[0m  [1m[34mSELECT "people".* FROM "people" ORDER BY "people"."id" ASC LIMIT ?[0m  [["LIMIT", 1]]
  [1m[35m (0.0ms)[0m  [1m[36mbegin transaction[0m
  [1m[36mPerson Load (0.1ms)[0m  [1m[34mSELECT "people".* FROM "people" WHERE "people"."id" = ? LIMIT ?[0m  [["id", 1], ["LIMIT", 1]]
  [1m[36mPet Load (0.0ms)[0m  [1m[34mSELECT "pets".* FROM "pets" WHERE "pets"."id" = ? LIMIT ?[0m  [["id", 2], ["LIMIT", 1]]
  [1m[36mFriend Create (0.2ms)[0m  [1m[32mINSERT INTO "friends" ("person_id", "pet_id", "created_at", "updated_at") VALUES (?, ?, ?, ?)[0m  [["person_id", 1], ["pet_id", 2], ["created_at", "2020-05-18 18:54:31.900159"], ["updated_at", "2020-05-18 18:54:31.900159"]]
  [1m[35m (4.3ms)[0m  [1m[36mcommit transaction[0m
  [1m[36mPerson Load (0.2ms)[0m  [1m[34mSELECT "people".* FROM "people" ORDER BY "people"."id" ASC LIMIT ?[0m  [["LIMIT", 1]]
  [1m[35m (0.1ms)[0m  [1m[36mbegin transaction[0m
  [1m[36mPerson Load (0.1ms)[0m  [1m[34mSELECT "people".* FROM "people" WHERE "people"."id" = ? LIMIT ?[0m  [["id", 1], ["LIMIT", 1]]
  [1m[36mPet Load (0.1ms)[0m  [1m[34mSELECT "pets".* FROM "pets" WHERE "pets"."id" = ? LIMIT ?[0m  [["id", 3], ["LIMIT", 1]]
  [1m[36mFriend Create (0.2ms)[0m  [1m[32mINSERT INTO "friends" ("person_id", "pet_id", "created_at", "updated_at") VALUES (?, ?, ?, ?)[0m  [["person_id", 1], ["pet_id", 3], ["created_at", "2020-05-18 18:54:31.916254"], ["updated_at", "2020-05-18 18:54:31.916254"]]
  [1m[35m (6.1ms)[0m  [1m[36mcommit transaction[0m
  [1m[36mPerson Load (0.1ms)[0m  [1m[34mSELECT "people".* FROM "people" ORDER BY "people"."id" ASC LIMIT ?[0m  [["LIMIT", 1]]
  [1m[35m (0.0ms)[0m  [1m[36mbegin transaction[0m
  [1m[36mPerson Load (0.1ms)[0m  [1m[34mSELECT "people".* FROM "people" WHERE "people"."id" = ? LIMIT ?[0m  [["id", 1], ["LIMIT", 1]]
  [1m[36mPet Load (0.0ms)[0m  [1m[34mSELECT "pets".* FROM "pets" WHERE "pets"."id" = ? LIMIT ?[0m  [["id", 4], ["LIMIT", 1]]
  [1m[36mFriend Create (0.2ms)[0m  [1m[32mINSERT INTO "friends" ("person_id", "pet_id", "created_at", "updated_at") VALUES (?, ?, ?, ?)[0m  [["person_id", 1], ["pet_id", 4], ["created_at", "2020-05-18 18:54:31.930174"], ["updated_at", "2020-05-18 18:54:31.930174"]]
  [1m[35m (4.3ms)[0m  [1m[36mcommit transaction[0m
  [1m[36mPerson Load (0.1ms)[0m  [1m[34mSELECT "people".* FROM "people" ORDER BY "people"."id" ASC LIMIT ?[0m  [["LIMIT", 1]]
  [1m[35m (0.0ms)[0m  [1m[36mbegin transaction[0m
  [1m[36mPerson Load (0.0ms)[0m  [1m[34mSELECT "people".* FROM "people" WHERE "people"."id" = ? LIMIT ?[0m  [["id", 1], ["LIMIT", 1]]
  [1m[36mPet Load (0.0ms)[0m  [1m[34mSELECT "pets".* FROM "pets" WHERE "pets"."id" = ? LIMIT ?[0m  [["id", 5], ["LIMIT", 1]]
  [1m[36mFriend Create (0.2ms)[0m  [1m[32mINSERT INTO "friends" ("person_id", "pet_id", "created_at", "updated_at") VALUES (?, ?, ?, ?)[0m  [["person_id", 1], ["pet_id", 5], ["created_at", "2020-05-18 18:54:31.940417"], ["updated_at", "2020-05-18 18:54:31.940417"]]
  [1m[35m (4.3ms)[0m  [1m[36mcommit transaction[0m
  [1m[36mPerson Load (0.2ms)[0m  [1m[34mSELECT "people".* FROM "people" ORDER BY "people"."id" ASC LIMIT ?[0m  [["LIMIT", 1]]
  [1m[35m (0.1ms)[0m  [1m[36mbegin transaction[0m
  [1m[36mPerson Load (0.2ms)[0m  [1m[34mSELECT "people".* FROM "people" WHERE "people"."id" = ? LIMIT ?[0m  [["id", 1], ["LIMIT", 1]]
  [1m[36mPet Load (0.1ms)[0m  [1m[34mSELECT "pets".* FROM "pets" WHERE "pets"."id" = ? LIMIT ?[0m  [["id", 6], ["LIMIT", 1]]
  [1m[36mFriend Create (0.7ms)[0m  [1m[32mINSERT INTO "friends" ("person_id", "pet_id", "created_at", "updated_at") VALUES (?, ?, ?, ?)[0m  [["person_id", 1], ["pet_id", 6], ["created_at", "2020-05-18 18:54:31.963509"], ["updated_at", "2020-05-18 18:54:31.963509"]]
  [1m[35m (4.8ms)[0m  [1m[36mcommit transaction[0m
  [1m[36mPerson Load (0.4ms)[0m  [1m[34mSELECT "people".* FROM "people"[0m
  [1m[35m (0.2ms)[0m  [1m[34mSELECT sqlite_version(*)[0m
  [1m[35m (0.1ms)[0m  [1m[34mSELECT "schema_migrations"."version" FROM "schema_migrations" ORDER BY "schema_migrations"."version" ASC[0m
  [1m[35m (0.1ms)[0m  [1m[34mSELECT "ar_internal_metadata"."value" FROM "ar_internal_metadata" WHERE "ar_internal_metadata"."key" = ?[0m  [["key", "environment"]]
  [1m[35m (0.0ms)[0m  [1m[34mSELECT "schema_migrations"."version" FROM "schema_migrations" ORDER BY "schema_migrations"."version" ASC[0m
  [1m[35m (0.0ms)[0m  [1m[34mSELECT "ar_internal_metadata"."value" FROM "ar_internal_metadata" WHERE "ar_internal_metadata"."key" = ?[0m  [["key", "environment"]]
  [1m[35m (0.0ms)[0m  [1m[34mSELECT "schema_migrations"."version" FROM "schema_migrations" ORDER BY "schema_migrations"."version" ASC[0m
  [1m[35m (0.0ms)[0m  [1m[34mSELECT "ar_internal_metadata"."value" FROM "ar_internal_metadata" WHERE "ar_internal_metadata"."key" = ?[0m  [["key", "environment"]]
  [1m[35m (0.0ms)[0m  [1m[34mSELECT sqlite_version(*)[0m
  [1m[35m (0.0ms)[0m  [1m[34mSELECT sqlite_version(*)[0m
  [1m[35m (0.0ms)[0m  [1m[34mSELECT sqlite_version(*)[0m
  [1m[35m (0.1ms)[0m  [1m[35mDROP TABLE IF EXISTS "friends"[0m
  [1m[35m (5.3ms)[0m  [1m[35mCREATE TABLE "friends" ("id" integer PRIMARY KEY AUTOINCREMENT NOT NULL, "person_id" integer, "pet_id" integer, "created_at" datetime(6) NOT NULL, "updated_at" datetime(6) NOT NULL)[0m
  [1m[35m (5.4ms)[0m  [1m[35mCREATE  INDEX "index_friends_on_person_id" ON "friends" ("person_id")[0m
  [1m[35m (6.9ms)[0m  [1m[35mCREATE  INDEX "index_friends_on_pet_id" ON "friends" ("pet_id")[0m
  [1m[35m (0.1ms)[0m  [1m[35mDROP TABLE IF EXISTS "people"[0m
  [1m[35m (5.2ms)[0m  [1m[35mCREATE TABLE "people" ("id" integer PRIMARY KEY AUTOINCREMENT NOT NULL, "name" varchar, "created_at" datetime(6) NOT NULL, "updated_at" datetime(6) NOT NULL)[0m
  [1m[35m (0.1ms)[0m  [1m[35mDROP TABLE IF EXISTS "pets"[0m
  [1m[35m (6.9ms)[0m  [1m[35mCREATE TABLE "pets" ("id" integer PRIMARY KEY AUTOINCREMENT NOT NULL, "name" varchar, "created_at" datetime(6) NOT NULL, "updated_at" datetime(6) NOT NULL)[0m
  [1m[35m (7.7ms)[0m  [1m[35mCREATE TABLE "schema_migrations" ("version" varchar NOT NULL PRIMARY KEY)[0m
  [1m[35m (0.1ms)[0m  [1m[34mSELECT "schema_migrations"."version" FROM "schema_migrations" ORDER BY "schema_migrations"."version" ASC[0m
  [1m[35m (6.1ms)[0m  [1m[32mINSERT INTO "schema_migrations" (version) VALUES (20200518184600)[0m
  [1m[35m (6.6ms)[0m  [1m[32mINSERT INTO "schema_migrations" (version) VALUES
(20200518183902),
(20200518183922);

[0m
  [1m[35m (6.1ms)[0m  [1m[35mCREATE TABLE "ar_internal_metadata" ("key" varchar NOT NULL PRIMARY KEY, "value" varchar, "created_at" datetime(6) NOT NULL, "updated_at" datetime(6) NOT NULL)[0m
  [1m[36mActiveRecord::InternalMetadata Load (0.4ms)[0m  [1m[34mSELECT "ar_internal_metadata".* FROM "ar_internal_metadata" WHERE "ar_internal_metadata"."key" = ? LIMIT ?[0m  [["key", "environment"], ["LIMIT", 1]]
  [1m[35m (0.1ms)[0m  [1m[36mbegin transaction[0m
  [1m[36mActiveRecord::InternalMetadata Create (0.5ms)[0m  [1m[32mINSERT INTO "ar_internal_metadata" ("key", "value", "created_at", "updated_at") VALUES (?, ?, ?, ?)[0m  [["key", "environment"], ["value", "development"], ["created_at", "2020-05-18 18:54:56.012007"], ["updated_at", "2020-05-18 18:54:56.012007"]]
  [1m[35m (4.9ms)[0m  [1m[36mcommit transaction[0m
  [1m[36mActiveRecord::InternalMetadata Load (0.2ms)[0m  [1m[34mSELECT "ar_internal_metadata".* FROM "ar_internal_metadata" WHERE "ar_internal_metadata"."key" = ? LIMIT ?[0m  [["key", "environment"], ["LIMIT", 1]]
  [1m[36mActiveRecord::InternalMetadata Load (0.2ms)[0m  [1m[34mSELECT "ar_internal_metadata".* FROM "ar_internal_metadata" WHERE "ar_internal_metadata"."key" = ? LIMIT ?[0m  [["key", "schema_sha1"], ["LIMIT", 1]]
  [1m[35m (0.1ms)[0m  [1m[36mbegin transaction[0m
  [1m[36mActiveRecord::InternalMetadata Create (0.3ms)[0m  [1m[32mINSERT INTO "ar_internal_metadata" ("key", "value", "created_at", "updated_at") VALUES (?, ?, ?, ?)[0m  [["key", "schema_sha1"], ["value", "78c54fa7db7767a8e8081944cdec66572a8f255c"], ["created_at", "2020-05-18 18:54:56.040057"], ["updated_at", "2020-05-18 18:54:56.040057"]]
  [1m[35m (6.2ms)[0m  [1m[36mcommit transaction[0m
  [1m[35m (0.1ms)[0m  [1m[34mSELECT sqlite_version(*)[0m
  [1m[35m (0.2ms)[0m  [1m[35mDROP TABLE IF EXISTS "friends"[0m
  [1m[35m (8.1ms)[0m  [1m[35mCREATE TABLE "friends" ("id" integer PRIMARY KEY AUTOINCREMENT NOT NULL, "person_id" integer, "pet_id" integer, "created_at" datetime(6) NOT NULL, "updated_at" datetime(6) NOT NULL)[0m
  [1m[35m (5.1ms)[0m  [1m[35mCREATE  INDEX "index_friends_on_person_id" ON "friends" ("person_id")[0m
  [1m[35m (7.4ms)[0m  [1m[35mCREATE  INDEX "index_friends_on_pet_id" ON "friends" ("pet_id")[0m
  [1m[35m (0.2ms)[0m  [1m[35mDROP TABLE IF EXISTS "people"[0m
  [1m[35m (5.5ms)[0m  [1m[35mCREATE TABLE "people" ("id" integer PRIMARY KEY AUTOINCREMENT NOT NULL, "name" varchar, "created_at" datetime(6) NOT NULL, "updated_at" datetime(6) NOT NULL)[0m
  [1m[35m (0.1ms)[0m  [1m[35mDROP TABLE IF EXISTS "pets"[0m
  [1m[35m (4.9ms)[0m  [1m[35mCREATE TABLE "pets" ("id" integer PRIMARY KEY AUTOINCREMENT NOT NULL, "name" varchar, "created_at" datetime(6) NOT NULL, "updated_at" datetime(6) NOT NULL)[0m
  [1m[35m (5.1ms)[0m  [1m[35mCREATE TABLE "schema_migrations" ("version" varchar NOT NULL PRIMARY KEY)[0m
  [1m[35m (0.1ms)[0m  [1m[34mSELECT "schema_migrations"."version" FROM "schema_migrations" ORDER BY "schema_migrations"."version" ASC[0m
  [1m[35m (3.8ms)[0m  [1m[32mINSERT INTO "schema_migrations" (version) VALUES (20200518184600)[0m
  [1m[35m (3.7ms)[0m  [1m[32mINSERT INTO "schema_migrations" (version) VALUES
(20200518183902),
(20200518183922);

[0m
  [1m[35m (6.9ms)[0m  [1m[35mCREATE TABLE "ar_internal_metadata" ("key" varchar NOT NULL PRIMARY KEY, "value" varchar, "created_at" datetime(6) NOT NULL, "updated_at" datetime(6) NOT NULL)[0m
  [1m[36mActiveRecord::InternalMetadata Load (0.1ms)[0m  [1m[34mSELECT "ar_internal_metadata".* FROM "ar_internal_metadata" WHERE "ar_internal_metadata"."key" = ? LIMIT ?[0m  [["key", "environment"], ["LIMIT", 1]]
  [1m[35m (0.0ms)[0m  [1m[36mbegin transaction[0m
  [1m[36mActiveRecord::InternalMetadata Create (0.1ms)[0m  [1m[32mINSERT INTO "ar_internal_metadata" ("key", "value", "created_at", "updated_at") VALUES (?, ?, ?, ?)[0m  [["key", "environment"], ["value", "development"], ["created_at", "2020-05-18 18:54:56.138053"], ["updated_at", "2020-05-18 18:54:56.138053"]]
  [1m[35m (3.9ms)[0m  [1m[36mcommit transaction[0m
  [1m[36mActiveRecord::InternalMetadata Load (0.0ms)[0m  [1m[34mSELECT "ar_internal_metadata".* FROM "ar_internal_metadata" WHERE "ar_internal_metadata"."key" = ? LIMIT ?[0m  [["key", "environment"], ["LIMIT", 1]]
  [1m[35m (0.0ms)[0m  [1m[36mbegin transaction[0m
  [1m[36mActiveRecord::InternalMetadata Update (0.1ms)[0m  [1m[33mUPDATE "ar_internal_metadata" SET "value" = ?, "updated_at" = ? WHERE "ar_internal_metadata"."key" = ?[0m  [["value", "test"], ["updated_at", "2020-05-18 18:54:56.145230"], ["key", "environment"]]
  [1m[35m (3.7ms)[0m  [1m[36mcommit transaction[0m
  [1m[36mActiveRecord::InternalMetadata Load (0.1ms)[0m  [1m[34mSELECT "ar_internal_metadata".* FROM "ar_internal_metadata" WHERE "ar_internal_metadata"."key" = ? LIMIT ?[0m  [["key", "schema_sha1"], ["LIMIT", 1]]
  [1m[35m (0.0ms)[0m  [1m[36mbegin transaction[0m
  [1m[36mActiveRecord::InternalMetadata Create (0.1ms)[0m  [1m[32mINSERT INTO "ar_internal_metadata" ("key", "value", "created_at", "updated_at") VALUES (?, ?, ?, ?)[0m  [["key", "schema_sha1"], ["value", "78c54fa7db7767a8e8081944cdec66572a8f255c"], ["created_at", "2020-05-18 18:54:56.153227"], ["updated_at", "2020-05-18 18:54:56.153227"]]
  [1m[35m (6.1ms)[0m  [1m[36mcommit transaction[0m
  [1m[35m (0.0ms)[0m  [1m[34mSELECT sqlite_version(*)[0m
  [1m[35m (0.1ms)[0m  [1m[34mSELECT "schema_migrations"."version" FROM "schema_migrations" ORDER BY "schema_migrations"."version" ASC[0m
  [1m[35m (0.0ms)[0m  [1m[34mSELECT sqlite_version(*)[0m
  [1m[35m (0.0ms)[0m  [1m[36mbegin transaction[0m
  [1m[36mPerson Create (0.1ms)[0m  [1m[32mINSERT INTO "people" ("name", "created_at", "updated_at") VALUES (?, ?, ?)[0m  [["name", "Kubilay"], ["created_at", "2020-05-18 18:54:56.170303"], ["updated_at", "2020-05-18 18:54:56.170303"]]
  [1m[35m (3.9ms)[0m  [1m[36mcommit transaction[0m
  [1m[35m (0.0ms)[0m  [1m[36mbegin transaction[0m
  [1m[36mPerson Create (0.1ms)[0m  [1m[32mINSERT INTO "people" ("name", "created_at", "updated_at") VALUES (?, ?, ?)[0m  [["name", "Marios"], ["created_at", "2020-05-18 18:54:56.179241"], ["updated_at", "2020-05-18 18:54:56.179241"]]
  [1m[35m (4.1ms)[0m  [1m[36mcommit transaction[0m
  [1m[35m (0.0ms)[0m  [1m[36mbegin transaction[0m
  [1m[36mPerson Create (0.1ms)[0m  [1m[32mINSERT INTO "people" ("name", "created_at", "updated_at") VALUES (?, ?, ?)[0m  [["name", "John"], ["created_at", "2020-05-18 18:54:56.186522"], ["updated_at", "2020-05-18 18:54:56.186522"]]
  [1m[35m (4.2ms)[0m  [1m[36mcommit transaction[0m
  [1m[35m (0.1ms)[0m  [1m[36mbegin transaction[0m
  [1m[36mPerson Create (0.5ms)[0m  [1m[32mINSERT INTO "people" ("name", "created_at", "updated_at") VALUES (?, ?, ?)[0m  [["name", "Jack"], ["created_at", "2020-05-18 18:54:56.197410"], ["updated_at", "2020-05-18 18:54:56.197410"]]
  [1m[35m (6.7ms)[0m  [1m[36mcommit transaction[0m
  [1m[35m (0.1ms)[0m  [1m[36mbegin transaction[0m
  [1m[36mPerson Create (0.5ms)[0m  [1m[32mINSERT INTO "people" ("name", "created_at", "updated_at") VALUES (?, ?, ?)[0m  [["name", "Sully"], ["created_at", "2020-05-18 18:54:56.222538"], ["updated_at", "2020-05-18 18:54:56.222538"]]
  [1m[35m (6.6ms)[0m  [1m[36mcommit transaction[0m
  [1m[35m (0.1ms)[0m  [1m[36mbegin transaction[0m
  [1m[36mPet Create (0.4ms)[0m  [1m[32mINSERT INTO "pets" ("name", "created_at", "updated_at") VALUES (?, ?, ?)[0m  [["name", "Dog"], ["created_at", "2020-05-18 18:54:56.259660"], ["updated_at", "2020-05-18 18:54:56.259660"]]
  [1m[35m (6.5ms)[0m  [1m[36mcommit transaction[0m
  [1m[35m (0.1ms)[0m  [1m[36mbegin transaction[0m
  [1m[36mPet Create (0.3ms)[0m  [1m[32mINSERT INTO "pets" ("name", "created_at", "updated_at") VALUES (?, ?, ?)[0m  [["name", "Cat"], ["created_at", "2020-05-18 18:54:56.275919"], ["updated_at", "2020-05-18 18:54:56.275919"]]
  [1m[35m (6.4ms)[0m  [1m[36mcommit transaction[0m
  [1m[35m (0.1ms)[0m  [1m[36mbegin transaction[0m
  [1m[36mPet Create (0.3ms)[0m  [1m[32mINSERT INTO "pets" ("name", "created_at", "updated_at") VALUES (?, ?, ?)[0m  [["name", "Lion"], ["created_at", "2020-05-18 18:54:56.290120"], ["updated_at", "2020-05-18 18:54:56.290120"]]
  [1m[35m (6.6ms)[0m  [1m[36mcommit transaction[0m
  [1m[35m (0.1ms)[0m  [1m[36mbegin transaction[0m
  [1m[36mPet Create (0.3ms)[0m  [1m[32mINSERT INTO "pets" ("name", "created_at", "updated_at") VALUES (?, ?, ?)[0m  [["name", "Cheetah"], ["created_at", "2020-05-18 18:54:56.302877"], ["updated_at", "2020-05-18 18:54:56.302877"]]
  [1m[35m (4.1ms)[0m  [1m[36mcommit transaction[0m
  [1m[35m (0.1ms)[0m  [1m[36mbegin transaction[0m
  [1m[36mPet Create (0.3ms)[0m  [1m[32mINSERT INTO "pets" ("name", "created_at", "updated_at") VALUES (?, ?, ?)[0m  [["name", "Puma"], ["created_at", "2020-05-18 18:54:56.312134"], ["updated_at", "2020-05-18 18:54:56.312134"]]
  [1m[35m (4.0ms)[0m  [1m[36mcommit transaction[0m
  [1m[35m (0.1ms)[0m  [1m[36mbegin transaction[0m
  [1m[36mPet Create (0.3ms)[0m  [1m[32mINSERT INTO "pets" ("name", "created_at", "updated_at") VALUES (?, ?, ?)[0m  [["name", "Jaguar"], ["created_at", "2020-05-18 18:54:56.321228"], ["updated_at", "2020-05-18 18:54:56.321228"]]
  [1m[35m (5.2ms)[0m  [1m[36mcommit transaction[0m
  [1m[36mPet Load (0.2ms)[0m  [1m[34mSELECT "pets".* FROM "pets"[0m
  [1m[36mPerson Load (0.2ms)[0m  [1m[34mSELECT "people".* FROM "people" ORDER BY "people"."id" ASC LIMIT ?[0m  [["LIMIT", 1]]
  [1m[35m (0.1ms)[0m  [1m[36mbegin transaction[0m
  [1m[36mPerson Load (0.2ms)[0m  [1m[34mSELECT "people".* FROM "people" WHERE "people"."id" = ? LIMIT ?[0m  [["id", 1], ["LIMIT", 1]]
  [1m[36mPet Load (0.1ms)[0m  [1m[34mSELECT "pets".* FROM "pets" WHERE "pets"."id" = ? LIMIT ?[0m  [["id", 1], ["LIMIT", 1]]
  [1m[36mFriend Create (0.4ms)[0m  [1m[32mINSERT INTO "friends" ("person_id", "pet_id", "created_at", "updated_at") VALUES (?, ?, ?, ?)[0m  [["person_id", 1], ["pet_id", 1], ["created_at", "2020-05-18 18:54:56.359779"], ["updated_at", "2020-05-18 18:54:56.359779"]]
  [1m[35m (4.0ms)[0m  [1m[36mcommit transaction[0m
  [1m[36mPerson Load (0.2ms)[0m  [1m[34mSELECT "people".* FROM "people" ORDER BY "people"."id" ASC LIMIT ?[0m  [["LIMIT", 1]]
  [1m[35m (0.1ms)[0m  [1m[36mbegin transaction[0m
  [1m[36mPerson Load (0.1ms)[0m  [1m[34mSELECT "people".* FROM "people" WHERE "people"."id" = ? LIMIT ?[0m  [["id", 1], ["LIMIT", 1]]
  [1m[36mPet Load (0.1ms)[0m  [1m[34mSELECT "pets".* FROM "pets" WHERE "pets"."id" = ? LIMIT ?[0m  [["id", 2], ["LIMIT", 1]]
  [1m[36mFriend Create (0.2ms)[0m  [1m[32mINSERT INTO "friends" ("person_id", "pet_id", "created_at", "updated_at") VALUES (?, ?, ?, ?)[0m  [["person_id", 1], ["pet_id", 2], ["created_at", "2020-05-18 18:54:56.380520"], ["updated_at", "2020-05-18 18:54:56.380520"]]
  [1m[35m (5.8ms)[0m  [1m[36mcommit transaction[0m
  [1m[36mPerson Load (0.1ms)[0m  [1m[34mSELECT "people".* FROM "people" ORDER BY "people"."id" ASC LIMIT ?[0m  [["LIMIT", 1]]
  [1m[35m (0.0ms)[0m  [1m[36mbegin transaction[0m
  [1m[36mPerson Load (0.1ms)[0m  [1m[34mSELECT "people".* FROM "people" WHERE "people"."id" = ? LIMIT ?[0m  [["id", 1], ["LIMIT", 1]]
  [1m[36mPet Load (0.0ms)[0m  [1m[34mSELECT "pets".* FROM "pets" WHERE "pets"."id" = ? LIMIT ?[0m  [["id", 3], ["LIMIT", 1]]
  [1m[36mFriend Create (0.2ms)[0m  [1m[32mINSERT INTO "friends" ("person_id", "pet_id", "created_at", "updated_at") VALUES (?, ?, ?, ?)[0m  [["person_id", 1], ["pet_id", 3], ["created_at", "2020-05-18 18:54:56.393947"], ["updated_at", "2020-05-18 18:54:56.393947"]]
  [1m[35m (6.2ms)[0m  [1m[36mcommit transaction[0m
  [1m[36mPerson Load (0.1ms)[0m  [1m[34mSELECT "people".* FROM "people" ORDER BY "people"."id" ASC LIMIT ?[0m  [["LIMIT", 1]]
  [1m[35m (0.0ms)[0m  [1m[36mbegin transaction[0m
  [1m[36mPerson Load (0.1ms)[0m  [1m[34mSELECT "people".* FROM "people" WHERE "people"."id" = ? LIMIT ?[0m  [["id", 1], ["LIMIT", 1]]
  [1m[36mPet Load (0.0ms)[0m  [1m[34mSELECT "pets".* FROM "pets" WHERE "pets"."id" = ? LIMIT ?[0m  [["id", 4], ["LIMIT", 1]]
  [1m[36mFriend Create (0.2ms)[0m  [1m[32mINSERT INTO "friends" ("person_id", "pet_id", "created_at", "updated_at") VALUES (?, ?, ?, ?)[0m  [["person_id", 1], ["pet_id", 4], ["created_at", "2020-05-18 18:54:56.407105"], ["updated_at", "2020-05-18 18:54:56.407105"]]
  [1m[35m (4.4ms)[0m  [1m[36mcommit transaction[0m
  [1m[36mPerson Load (0.2ms)[0m  [1m[34mSELECT "people".* FROM "people" ORDER BY "people"."id" ASC LIMIT ?[0m  [["LIMIT", 1]]
  [1m[35m (0.1ms)[0m  [1m[36mbegin transaction[0m
  [1m[36mPerson Load (0.2ms)[0m  [1m[34mSELECT "people".* FROM "people" WHERE "people"."id" = ? LIMIT ?[0m  [["id", 1], ["LIMIT", 1]]
  [1m[36mPet Load (0.1ms)[0m  [1m[34mSELECT "pets".* FROM "pets" WHERE "pets"."id" = ? LIMIT ?[0m  [["id", 5], ["LIMIT", 1]]
  [1m[36mFriend Create (0.5ms)[0m  [1m[32mINSERT INTO "friends" ("person_id", "pet_id", "created_at", "updated_at") VALUES (?, ?, ?, ?)[0m  [["person_id", 1], ["pet_id", 5], ["created_at", "2020-05-18 18:54:56.428279"], ["updated_at", "2020-05-18 18:54:56.428279"]]
  [1m[35m (4.3ms)[0m  [1m[36mcommit transaction[0m
  [1m[36mPerson Load (0.1ms)[0m  [1m[34mSELECT "people".* FROM "people" ORDER BY "people"."id" ASC LIMIT ?[0m  [["LIMIT", 1]]
  [1m[35m (0.1ms)[0m  [1m[36mbegin transaction[0m
  [1m[36mPerson Load (0.1ms)[0m  [1m[34mSELECT "people".* FROM "people" WHERE "people"."id" = ? LIMIT ?[0m  [["id", 1], ["LIMIT", 1]]
  [1m[36mPet Load (0.0ms)[0m  [1m[34mSELECT "pets".* FROM "pets" WHERE "pets"."id" = ? LIMIT ?[0m  [["id", 6], ["LIMIT", 1]]
  [1m[36mFriend Create (0.2ms)[0m  [1m[32mINSERT INTO "friends" ("person_id", "pet_id", "created_at", "updated_at") VALUES (?, ?, ?, ?)[0m  [["person_id", 1], ["pet_id", 6], ["created_at", "2020-05-18 18:54:56.441976"], ["updated_at", "2020-05-18 18:54:56.441976"]]
  [1m[35m (3.9ms)[0m  [1m[36mcommit transaction[0m
  [1m[36mPerson Load (0.1ms)[0m  [1m[34mSELECT "people".* FROM "people"[0m
  [1m[35m (0.0ms)[0m  [1m[36mbegin transaction[0m
  [1m[36mPerson Load (0.1ms)[0m  [1m[34mSELECT "people".* FROM "people" WHERE "people"."id" = ? LIMIT ?[0m  [["id", 1], ["LIMIT", 1]]
  [1m[36mPet Load (0.0ms)[0m  [1m[34mSELECT "pets".* FROM "pets" WHERE "pets"."id" = ? LIMIT ?[0m  [["id", 1], ["LIMIT", 1]]
  [1m[36mFriend Create (0.2ms)[0m  [1m[32mINSERT INTO "friends" ("person_id", "pet_id", "created_at", "updated_at") VALUES (?, ?, ?, ?)[0m  [["person_id", 1], ["pet_id", 1], ["created_at", "2020-05-18 18:54:56.452141"], ["updated_at", "2020-05-18 18:54:56.452141"]]
  [1m[35m (3.8ms)[0m  [1m[36mcommit transaction[0m
  [1m[35m (0.0ms)[0m  [1m[36mbegin transaction[0m
  [1m[36mPerson Load (0.1ms)[0m  [1m[34mSELECT "people".* FROM "people" WHERE "people"."id" = ? LIMIT ?[0m  [["id", 2], ["LIMIT", 1]]
  [1m[36mPet Load (0.0ms)[0m  [1m[34mSELECT "pets".* FROM "pets" WHERE "pets"."id" = ? LIMIT ?[0m  [["id", 1], ["LIMIT", 1]]
  [1m[36mFriend Create (0.1ms)[0m  [1m[32mINSERT INTO "friends" ("person_id", "pet_id", "created_at", "updated_at") VALUES (?, ?, ?, ?)[0m  [["person_id", 2], ["pet_id", 1], ["created_at", "2020-05-18 18:54:56.460439"], ["updated_at", "2020-05-18 18:54:56.460439"]]
  [1m[35m (5.6ms)[0m  [1m[36mcommit transaction[0m
  [1m[35m (0.0ms)[0m  [1m[36mbegin transaction[0m
  [1m[36mPerson Load (0.1ms)[0m  [1m[34mSELECT "people".* FROM "people" WHERE "people"."id" = ? LIMIT ?[0m  [["id", 3], ["LIMIT", 1]]
  [1m[36mPet Load (0.0ms)[0m  [1m[34mSELECT "pets".* FROM "pets" WHERE "pets"."id" = ? LIMIT ?[0m  [["id", 1], ["LIMIT", 1]]
  [1m[36mFriend Create (0.2ms)[0m  [1m[32mINSERT INTO "friends" ("person_id", "pet_id", "created_at", "updated_at") VALUES (?, ?, ?, ?)[0m  [["person_id", 3], ["pet_id", 1], ["created_at", "2020-05-18 18:54:56.471477"], ["updated_at", "2020-05-18 18:54:56.471477"]]
  [1m[35m (4.1ms)[0m  [1m[36mcommit transaction[0m
  [1m[35m (0.1ms)[0m  [1m[36mbegin transaction[0m
  [1m[36mPerson Load (0.2ms)[0m  [1m[34mSELECT "people".* FROM "people" WHERE "people"."id" = ? LIMIT ?[0m  [["id", 4], ["LIMIT", 1]]
  [1m[36mPet Load (0.1ms)[0m  [1m[34mSELECT "pets".* FROM "pets" WHERE "pets"."id" = ? LIMIT ?[0m  [["id", 1], ["LIMIT", 1]]
  [1m[36mFriend Create (0.3ms)[0m  [1m[32mINSERT INTO "friends" ("person_id", "pet_id", "created_at", "updated_at") VALUES (?, ?, ?, ?)[0m  [["person_id", 4], ["pet_id", 1], ["created_at", "2020-05-18 18:54:56.488873"], ["updated_at", "2020-05-18 18:54:56.488873"]]
  [1m[35m (4.0ms)[0m  [1m[36mcommit transaction[0m
  [1m[35m (0.0ms)[0m  [1m[36mbegin transaction[0m
  [1m[36mPerson Load (0.1ms)[0m  [1m[34mSELECT "people".* FROM "people" WHERE "people"."id" = ? LIMIT ?[0m  [["id", 5], ["LIMIT", 1]]
  [1m[36mPet Load (0.1ms)[0m  [1m[34mSELECT "pets".* FROM "pets" WHERE "pets"."id" = ? LIMIT ?[0m  [["id", 1], ["LIMIT", 1]]
  [1m[36mFriend Create (0.2ms)[0m  [1m[32mINSERT INTO "friends" ("person_id", "pet_id", "created_at", "updated_at") VALUES (?, ?, ?, ?)[0m  [["person_id", 5], ["pet_id", 1], ["created_at", "2020-05-18 18:54:56.505650"], ["updated_at", "2020-05-18 18:54:56.505650"]]
  [1m[35m (4.9ms)[0m  [1m[36mcommit transaction[0m
  [1m[36mPerson Load (0.1ms)[0m  [1m[34mSELECT "people".* FROM "people" WHERE "people"."id" = ? LIMIT ?[0m  [["id", 2], ["LIMIT", 1]]
  [1m[36mFriend Load (0.1ms)[0m  [1m[34mSELECT "friends".* FROM "friends" WHERE "friends"."person_id" = ? ORDER BY "friends"."id" ASC LIMIT ?[0m  [["person_id", 2], ["LIMIT", 1]]
  [1m[36mPet Load (0.0ms)[0m  [1m[34mSELECT "pets".* FROM "pets" WHERE "pets"."id" = ? LIMIT ?[0m  [["id", 2], ["LIMIT", 1]]
  [1m[35m (0.2ms)[0m  [1m[34mSELECT sqlite_version(*)[0m
  [1m[36mPerson Load (0.1ms)[0m  [1m[34mSELECT "people".* FROM "people" ORDER BY "people"."id" ASC LIMIT ?[0m  [["LIMIT", 1]]
  [1m[36mPerson Load (0.1ms)[0m  [1m[34mSELECT "people".* FROM "people" ORDER BY "people"."id" ASC LIMIT ?[0m  [["LIMIT", 1]]
  [1m[36mFriend Load (0.1ms)[0m  [1m[34mSELECT "friends".* FROM "friends" WHERE "friends"."person_id" = ? LIMIT ?[0m  [["person_id", 1], ["LIMIT", 11]]
  [1m[36mPerson Load (0.2ms)[0m  [1m[34mSELECT "people".* FROM "people" ORDER BY "people"."id" ASC LIMIT ?[0m  [["LIMIT", 1]]
  [1m[36mPerson Load (0.3ms)[0m  [1m[34mSELECT "people".* FROM "people" ORDER BY "people"."id" ASC LIMIT ?[0m  [["LIMIT", 1]]
  [1m[36mPerson Load (0.3ms)[0m  [1m[34mSELECT "people".* FROM "people" ORDER BY "people"."id" ASC LIMIT ?[0m  [["LIMIT", 1]]
  [1m[35m (0.4ms)[0m  [1m[34mSELECT "name" FROM "friends" WHERE "friends"."person_id" = ?[0m  [["person_id", 1]]
  [1m[36mPerson Load (0.3ms)[0m  [1m[34mSELECT "people".* FROM "people" ORDER BY "people"."id" ASC LIMIT ?[0m  [["LIMIT", 1]]
  [1m[36mFriend Load (0.1ms)[0m  [1m[34mSELECT "friends".* FROM "friends" WHERE "friends"."person_id" = ? LIMIT ?[0m  [["person_id", 1], ["LIMIT", 11]]
  [1m[36mPerson Load (0.1ms)[0m  [1m[34mSELECT "people".* FROM "people" ORDER BY "people"."id" ASC LIMIT ?[0m  [["LIMIT", 1]]
  [1m[36mFriend Load (0.1ms)[0m  [1m[34mSELECT "friends".* FROM "friends" WHERE "friends"."person_id" = ? LIMIT ?[0m  [["person_id", 1], ["LIMIT", 11]]
  [1m[36mPerson Load (0.1ms)[0m  [1m[34mSELECT "people".* FROM "people" ORDER BY "people"."id" ASC LIMIT ?[0m  [["LIMIT", 1]]
  [1m[36mFriend Load (0.1ms)[0m  [1m[34mSELECT "friends".* FROM "friends" WHERE "friends"."person_id" = ? LIMIT ?[0m  [["person_id", 1], ["LIMIT", 11]]
  [1m[36mPerson Load (0.3ms)[0m  [1m[34mSELECT "people".* FROM "people" ORDER BY "people"."id" ASC LIMIT ?[0m  [["LIMIT", 1]]
  [1m[36mFriend Load (0.1ms)[0m  [1m[34mSELECT "friends".* FROM "friends" WHERE "friends"."person_id" = ? LIMIT ?[0m  [["person_id", 1], ["LIMIT", 11]]
  [1m[36mPerson Load (0.3ms)[0m  [1m[34mSELECT "people".* FROM "people" ORDER BY "people"."id" ASC LIMIT ?[0m  [["LIMIT", 1]]
  [1m[36mPerson Load (0.3ms)[0m  [1m[34mSELECT "people".* FROM "people" ORDER BY "people"."id" ASC LIMIT ?[0m  [["LIMIT", 1]]
  [1m[36mFriend Load (0.1ms)[0m  [1m[34mSELECT "friends".* FROM "friends" WHERE "friends"."person_id" = ? LIMIT ?[0m  [["person_id", 1], ["LIMIT", 11]]
  [1m[36mPerson Load (0.1ms)[0m  [1m[34mSELECT "people".* FROM "people" ORDER BY "people"."id" ASC LIMIT ?[0m  [["LIMIT", 1]]
  [1m[36mFriend Load (0.1ms)[0m  [1m[34mSELECT "friends".* FROM "friends" WHERE "friends"."person_id" = ? LIMIT ?[0m  [["person_id", 1], ["LIMIT", 11]]
  [1m[36mPerson Load (0.1ms)[0m  [1m[34mSELECT "people".* FROM "people" ORDER BY "people"."id" ASC LIMIT ?[0m  [["LIMIT", 1]]
  [1m[36mFriend Load (0.1ms)[0m  [1m[34mSELECT "friends".* FROM "friends" WHERE "friends"."person_id" = ? LIMIT ?[0m  [["person_id", 1], ["LIMIT", 11]]
  [1m[36mFriend Load (0.5ms)[0m  [1m[34mSELECT "friends".* FROM "friends" ORDER BY "friends"."id" ASC LIMIT ?[0m  [["LIMIT", 1]]
  [1m[36mFriend Load (0.3ms)[0m  [1m[34mSELECT "friends".* FROM "friends" ORDER BY "friends"."id" ASC LIMIT ?[0m  [["LIMIT", 1]]
  [1m[36mFriend Load (0.3ms)[0m  [1m[34mSELECT "friends".* FROM "friends" ORDER BY "friends"."id" ASC LIMIT ?[0m  [["LIMIT", 1]]
  [1m[36mPet Load (0.1ms)[0m  [1m[34mSELECT "pets".* FROM "pets" WHERE "pets"."id" = ? LIMIT ?[0m  [["id", 1], ["LIMIT", 1]]
  [1m[36mPerson Load (0.3ms)[0m  [1m[34mSELECT "people".* FROM "people" ORDER BY "people"."id" ASC LIMIT ?[0m  [["LIMIT", 1]]
  [1m[36mPerson Load (0.3ms)[0m  [1m[34mSELECT "people".* FROM "people" ORDER BY "people"."id" ASC LIMIT ?[0m  [["LIMIT", 1]]
  [1m[36mPerson Load (0.1ms)[0m  [1m[34mSELECT "people".* FROM "people" ORDER BY "people"."id" ASC LIMIT ?[0m  [["LIMIT", 1]]
  [1m[36mFriend Load (0.1ms)[0m  [1m[34mSELECT "friends".* FROM "friends" WHERE "friends"."person_id" = ? LIMIT ?[0m  [["person_id", 1], ["LIMIT", 11]]
  [1m[36mFriend Load (0.3ms)[0m  [1m[34mSELECT "friends".* FROM "friends" ORDER BY "friends"."id" ASC LIMIT ?[0m  [["LIMIT", 1]]
  [1m[36mFriend Load (0.3ms)[0m  [1m[34mSELECT "friends".* FROM "friends" ORDER BY "friends"."id" ASC LIMIT ?[0m  [["LIMIT", 1]]
  [1m[36mPet Load (0.0ms)[0m  [1m[34mSELECT "pets".* FROM "pets" WHERE "pets"."id" = ? LIMIT ?[0m  [["id", 1], ["LIMIT", 1]]
  [1m[36mPerson Load (0.3ms)[0m  [1m[34mSELECT "people".* FROM "people" ORDER BY "people"."id" ASC LIMIT ?[0m  [["LIMIT", 1]]
  [1m[36mFriend Load (0.3ms)[0m  [1m[34mSELECT "friends".* FROM "friends" WHERE "friends"."person_id" = ? LIMIT ?[0m  [["person_id", 1], ["LIMIT", 11]]
  [1m[36mPerson Load (0.1ms)[0m  [1m[34mSELECT "people".* FROM "people" ORDER BY "people"."id" ASC LIMIT ?[0m  [["LIMIT", 1]]
  [1m[36mFriend Load (0.1ms)[0m  [1m[34mSELECT "friends".* FROM "friends" WHERE "friends"."person_id" = ? LIMIT ?[0m  [["person_id", 1], ["LIMIT", 11]]
  [1m[36mPerson Load (0.3ms)[0m  [1m[34mSELECT "people".* FROM "people" ORDER BY "people"."id" ASC LIMIT ?[0m  [["LIMIT", 1]]
  [1m[36mFriend Load (0.1ms)[0m  [1m[34mSELECT "friends".* FROM "friends" WHERE "friends"."person_id" = ? LIMIT ?[0m  [["person_id", 1], ["LIMIT", 11]]
  [1m[36mPerson Load (0.3ms)[0m  [1m[34mSELECT "people".* FROM "people" ORDER BY "people"."id" ASC LIMIT ?[0m  [["LIMIT", 1]]
  [1m[36mFriend Load (0.4ms)[0m  [1m[34mSELECT "friends".* FROM "friends" WHERE "friends"."person_id" = ? ORDER BY "friends"."id" ASC LIMIT ?[0m  [["person_id", 1], ["LIMIT", 1]]
  [1m[36mPerson Load (0.1ms)[0m  [1m[34mSELECT "people".* FROM "people" ORDER BY "people"."id" ASC LIMIT ?[0m  [["LIMIT", 1]]
  [1m[36mFriend Load (0.1ms)[0m  [1m[34mSELECT "friends".* FROM "friends" WHERE "friends"."person_id" = ? ORDER BY "friends"."id" ASC LIMIT ?[0m  [["person_id", 1], ["LIMIT", 1]]
  [1m[36mPet Load (0.1ms)[0m  [1m[34mSELECT "pets".* FROM "pets" WHERE "pets"."id" = ? LIMIT ?[0m  [["id", 1], ["LIMIT", 1]]
  [1m[36mPerson Load (0.3ms)[0m  [1m[34mSELECT "people".* FROM "people" ORDER BY "people"."id" ASC LIMIT ?[0m  [["LIMIT", 1]]
  [1m[36mPerson Load (0.1ms)[0m  [1m[34mSELECT "people".* FROM "people" ORDER BY "people"."id" ASC LIMIT ?[0m  [["LIMIT", 1]]
  [1m[36mPerson Load (0.1ms)[0m  [1m[34mSELECT "people".* FROM "people" ORDER BY "people"."id" ASC LIMIT ?[0m  [["LIMIT", 1]]
  [1m[36mFriend Load (0.1ms)[0m  [1m[34mSELECT "friends".* FROM "friends" WHERE "friends"."person_id" = ? LIMIT ?[0m  [["person_id", 1], ["LIMIT", 11]]
  [1m[36mPerson Load (0.3ms)[0m  [1m[34mSELECT "people".* FROM "people" ORDER BY "people"."id" ASC LIMIT ?[0m  [["LIMIT", 1]]
  [1m[36mFriend Load (0.1ms)[0m  [1m[34mSELECT "friends".* FROM "friends" WHERE "friends"."person_id" = ? LIMIT ?[0m  [["person_id", 1], ["LIMIT", 11]]
  [1m[35m (0.3ms)[0m  [1m[34mSELECT "friends"."id" FROM "friends" WHERE "friends"."person_id" = ?[0m  [["person_id", 1]]
  [1m[35m (0.4ms)[0m  [1m[34mSELECT "friends".* FROM "friends" WHERE "friends"."person_id" = ?[0m  [["person_id", 1]]
  [1m[35m (0.1ms)[0m  [1m[34mSELECT "friends"."pet_id" FROM "friends" WHERE "friends"."person_id" = ?[0m  [["person_id", 1]]
  [1m[35m (0.1ms)[0m  [1m[34mSELECT "friends"."pet_id" FROM "friends" WHERE "friends"."person_id" = ?[0m  [["person_id", 1]]
  [1m[36mPet Load (0.5ms)[0m  [1m[34mSELECT "pets".* FROM "pets" WHERE "pets"."id" IN (?, ?, ?, ?, ?, ?)[0m  [["id", 1], ["id", 2], ["id", 3], ["id", 4], ["id", 5], ["id", 6]]
